------------------------------- Operation
  list
------------------------------- Operation
  create
  update
  delete
  get
  list_remote_login_information
  list
  list_by_resource_group
  ** CREATING MAIN MODULE
Getting example for: get
Found example for: get
Found response for: get
Found properties
Sample after properties copied ---
{
  "id": "/subscriptions/00000000-0000-0000-0000-000000000000/resourceGroups/demo_resource_group/providers/Microsoft.BatchAI/clusters/demo_cluster",
  "name": "demo_cluster",
  "type": "Microsoft.BatchAI/Clusters",
  "location": "eastus",
  "properties": {
    "provisioningState": "succeeded",
    "allocationState": "resizing",
    "creationTime": "2017-09-27T21:50:02.377Z",
    "allocationStateTransitionTime": "2017-09-27T21:50:04.521Z",
    "provisioningStateTransitionTime": "2017-09-27T21:50:03.828Z",
    "vmSize": "STANDARD_NC6",
    "currentNodeCount": "0",
    "nodeStateCounts": {
      "runningNodeCount": "0",
      "idleNodeCount": "0",
      "unusableNodeCount": "0",
      "preparingNodeCount": "0",
      "leavingNodeCount": "0"
    },
    "vmPriority": "dedicated",
    "scaleSettings": {
      "manual": {
        "targetNodeCount": "1",
        "nodeDeallocationOption": "requeue"
      }
    },
    "virtualMachineConfiguration": {
      "imageReference": {
        "publisher": "Canonical",
        "offer": "UbuntuServer",
        "sku": "16.04-LTS",
        "version": "latest"
      }
    },
    "userAccountSettings": {
      "adminUserName": "admin_user_name"
    },
    "nodeSetup": {
      "mountVolumes": {
        "azureFileShares": [
          {
            "accountName": "storage_account_name",
            "azureFileUrl": "https://storage_account_name.file.core.windows.net/azure_file_share_name",
            "credentials": {},
            "relativeMountPath": "azfiles",
            "fileMode": "0777",
            "directoryMode": "0777"
          }
        ],
        "fileServers": [
          {
            "fileServer": {
              "id": "/subscriptions/00000000-0000-0000-0000-000000000000/resourceGroups/demo_resource_group/providers/Microsoft.BatchAI/fileservers/fileservercedd134b"
            },
            "relativeMountPath": "nfs",
            "mountOptions": "rw"
          }
        ]
      }
    },
    "subnet": {
      "id": "/subscriptions/00000000-0000-0000-0000-000000000000/resourceGroups/demo_resource_group/providers/Microsoft.Network/virtualNetworks/7feb1976-8c31-4f1f-bea2-86cb1839a7bavnet/subnets/Subnet-1"
    }
  },
  "provisioningState": "succeeded",
  "allocationState": "resizing",
  "creationTime": "2017-09-27T21:50:02.377Z",
  "allocationStateTransitionTime": "2017-09-27T21:50:04.521Z",
  "provisioningStateTransitionTime": "2017-09-27T21:50:03.828Z",
  "vmSize": "STANDARD_NC6",
  "currentNodeCount": "0",
  "nodeStateCounts": {
    "runningNodeCount": "0",
    "idleNodeCount": "0",
    "unusableNodeCount": "0",
    "preparingNodeCount": "0",
    "leavingNodeCount": "0"
  },
  "vmPriority": "dedicated",
  "scaleSettings": {
    "manual": {
      "targetNodeCount": "1",
      "nodeDeallocationOption": "requeue"
    }
  },
  "virtualMachineConfiguration": {
    "imageReference": {
      "publisher": "Canonical",
      "offer": "UbuntuServer",
      "sku": "16.04-LTS",
      "version": "latest"
    }
  },
  "userAccountSettings": {
    "adminUserName": "admin_user_name"
  },
  "nodeSetup": {
    "mountVolumes": {
      "azureFileShares": [
        {
          "accountName": "storage_account_name",
          "azureFileUrl": "https://storage_account_name.file.core.windows.net/azure_file_share_name",
          "credentials": {},
          "relativeMountPath": "azfiles",
          "fileMode": "0777",
          "directoryMode": "0777"
        }
      ],
      "fileServers": [
        {
          "fileServer": {
            "id": "/subscriptions/00000000-0000-0000-0000-000000000000/resourceGroups/demo_resource_group/providers/Microsoft.BatchAI/fileservers/fileservercedd134b"
          },
          "relativeMountPath": "nfs",
          "mountOptions": "rw"
        }
      ]
    }
  },
  "subnet": {
    "id": "/subscriptions/00000000-0000-0000-0000-000000000000/resourceGroups/demo_resource_group/providers/Microsoft.Network/virtualNetworks/7feb1976-8c31-4f1f-bea2-86cb1839a7bavnet/subnets/Subnet-1"
  }
}
Getting example for: create
Found example for: create
Found response for: create
Found properties
Sample after properties copied ---
{
  "id": "/subscriptions/00000000-0000-0000-0000-000000000000/resourceGroups/demo_resource_group/providers/Microsoft.BatchAI/clusters/demo_cluster",
  "name": "demo_cluster",
  "type": "Microsoft.BatchAI/Clusters",
  "location": "eastus",
  "properties": {
    "provisioningState": "succeeded",
    "allocationState": "resizing",
    "creationTime": "2017-09-27T21:50:02.377Z",
    "allocationStateTransitionTime": "2017-09-27T21:50:04.521Z",
    "provisioningStateTransitionTime": "2017-09-27T21:50:03.828Z",
    "vmSize": "STANDARD_NC6",
    "currentNodeCount": "0",
    "nodeStateCounts": {
      "runningNodeCount": "0",
      "idleNodeCount": "0",
      "unusableNodeCount": "0",
      "preparingNodeCount": "0",
      "leavingNodeCount": "0"
    },
    "vmPriority": "dedicated",
    "scaleSettings": {
      "manual": {
        "targetNodeCount": "1",
        "nodeDeallocationOption": "requeue"
      }
    },
    "virtualMachineConfiguration": {
      "imageReference": {
        "publisher": "Canonical",
        "offer": "UbuntuServer",
        "sku": "16.04-LTS",
        "version": "latest"
      }
    },
    "userAccountSettings": {
      "adminUserName": "admin_user_name"
    },
    "nodeSetup": {
      "mountVolumes": {
        "azureFileShares": [
          {
            "accountName": "storage_account_name",
            "azureFileUrl": "https://storage_account_name.file.core.windows.net/azure_file_share_name",
            "credentials": {},
            "relativeMountPath": "azfiles",
            "fileMode": "0777",
            "directoryMode": "0777"
          }
        ],
        "fileServers": [
          {
            "fileServer": {
              "id": "/subscriptions/00000000-0000-0000-0000-000000000000/resourceGroups/demo_resource_group/providers/Microsoft.BatchAI/fileservers/fileservercedd134b"
            },
            "relativeMountPath": "nfs",
            "mountOptions": "rw"
          }
        ]
      }
    },
    "subnet": {
      "id": "/subscriptions/00000000-0000-0000-0000-000000000000/resourceGroups/demo_resource_group/providers/Microsoft.Network/virtualNetworks/7feb1976-8c31-4f1f-bea2-86cb1839a7bavnet/subnets/Subnet-1"
    }
  },
  "provisioningState": "succeeded",
  "allocationState": "resizing",
  "creationTime": "2017-09-27T21:50:02.377Z",
  "allocationStateTransitionTime": "2017-09-27T21:50:04.521Z",
  "provisioningStateTransitionTime": "2017-09-27T21:50:03.828Z",
  "vmSize": "STANDARD_NC6",
  "currentNodeCount": "0",
  "nodeStateCounts": {
    "runningNodeCount": "0",
    "idleNodeCount": "0",
    "unusableNodeCount": "0",
    "preparingNodeCount": "0",
    "leavingNodeCount": "0"
  },
  "vmPriority": "dedicated",
  "scaleSettings": {
    "manual": {
      "targetNodeCount": "1",
      "nodeDeallocationOption": "requeue"
    }
  },
  "virtualMachineConfiguration": {
    "imageReference": {
      "publisher": "Canonical",
      "offer": "UbuntuServer",
      "sku": "16.04-LTS",
      "version": "latest"
    }
  },
  "userAccountSettings": {
    "adminUserName": "admin_user_name"
  },
  "nodeSetup": {
    "mountVolumes": {
      "azureFileShares": [
        {
          "accountName": "storage_account_name",
          "azureFileUrl": "https://storage_account_name.file.core.windows.net/azure_file_share_name",
          "credentials": {},
          "relativeMountPath": "azfiles",
          "fileMode": "0777",
          "directoryMode": "0777"
        }
      ],
      "fileServers": [
        {
          "fileServer": {
            "id": "/subscriptions/00000000-0000-0000-0000-000000000000/resourceGroups/demo_resource_group/providers/Microsoft.BatchAI/fileservers/fileservercedd134b"
          },
          "relativeMountPath": "nfs",
          "mountOptions": "rw"
        }
      ]
    }
  },
  "subnet": {
    "id": "/subscriptions/00000000-0000-0000-0000-000000000000/resourceGroups/demo_resource_group/providers/Microsoft.Network/virtualNetworks/7feb1976-8c31-4f1f-bea2-86cb1839a7bavnet/subnets/Subnet-1"
  }
}
Getting example for: update
Found example for: update
Found response for: update
Found properties
Sample after properties copied ---
{
  "id": "/subscriptions/00000000-0000-0000-0000-000000000000/resourceGroups/demo_resource_group/providers/Microsoft.BatchAI/clusters/demo_cluster",
  "name": "demo_cluster",
  "type": "Microsoft.BatchAI/Clusters",
  "location": "eastus",
  "properties": {
    "provisioningState": "succeeded",
    "allocationState": "steady",
    "creationTime": "2017-09-27T21:43:55.215Z",
    "allocationStateTransitionTime": "2017-09-27T21:43:57.664Z",
    "provisioningStateTransitionTime": "2017-09-27T21:43:56.238Z",
    "vmSize": "STANDARD_NC6",
    "currentNodeCount": "0",
    "nodeStateCounts": {
      "runningNodeCount": "0",
      "idleNodeCount": "0",
      "unusableNodeCount": "0",
      "preparingNodeCount": "0",
      "leavingNodeCount": "0"
    },
    "vmPriority": "dedicated",
    "scaleSettings": {
      "autoScale": {
        "minimumNodeCount": "0",
        "maximumNodeCount": "10",
        "initialNodeCount": "0"
      }
    },
    "virtualMachineConfiguration": {
      "imageReference": {
        "publisher": "Canonical",
        "offer": "UbuntuServer",
        "sku": "16.04-LTS",
        "version": "latest"
      }
    },
    "userAccountSettings": {
      "adminUserName": "admin_user_name"
    },
    "nodeSetup": {
      "mountVolumes": {
        "azureFileShares": [
          {
            "accountName": "storage_account_name",
            "azureFileUrl": "https://storage_account_name.file.core.windows.net/azure_file_share_name",
            "credentials": {},
            "relativeMountPath": "azfiles",
            "fileMode": "0777",
            "directoryMode": "0777"
          }
        ]
      }
    }
  },
  "provisioningState": "succeeded",
  "allocationState": "steady",
  "creationTime": "2017-09-27T21:43:55.215Z",
  "allocationStateTransitionTime": "2017-09-27T21:43:57.664Z",
  "provisioningStateTransitionTime": "2017-09-27T21:43:56.238Z",
  "vmSize": "STANDARD_NC6",
  "currentNodeCount": "0",
  "nodeStateCounts": {
    "runningNodeCount": "0",
    "idleNodeCount": "0",
    "unusableNodeCount": "0",
    "preparingNodeCount": "0",
    "leavingNodeCount": "0"
  },
  "vmPriority": "dedicated",
  "scaleSettings": {
    "autoScale": {
      "minimumNodeCount": "0",
      "maximumNodeCount": "10",
      "initialNodeCount": "0"
    }
  },
  "virtualMachineConfiguration": {
    "imageReference": {
      "publisher": "Canonical",
      "offer": "UbuntuServer",
      "sku": "16.04-LTS",
      "version": "latest"
    }
  },
  "userAccountSettings": {
    "adminUserName": "admin_user_name"
  },
  "nodeSetup": {
    "mountVolumes": {
      "azureFileShares": [
        {
          "accountName": "storage_account_name",
          "azureFileUrl": "https://storage_account_name.file.core.windows.net/azure_file_share_name",
          "credentials": {},
          "relativeMountPath": "azfiles",
          "fileMode": "0777",
          "directoryMode": "0777"
        }
      ]
    }
  }
}
  ** CREATING FACT MODULE
Getting example for: get
Found example for: get
Found response for: get
Found properties
Sample after properties copied ---
{
  "id": "/subscriptions/00000000-0000-0000-0000-000000000000/resourceGroups/demo_resource_group/providers/Microsoft.BatchAI/clusters/demo_cluster",
  "name": "demo_cluster",
  "type": "Microsoft.BatchAI/Clusters",
  "location": "eastus",
  "properties": {
    "provisioningState": "succeeded",
    "allocationState": "resizing",
    "creationTime": "2017-09-27T21:50:02.377Z",
    "allocationStateTransitionTime": "2017-09-27T21:50:04.521Z",
    "provisioningStateTransitionTime": "2017-09-27T21:50:03.828Z",
    "vmSize": "STANDARD_NC6",
    "currentNodeCount": "0",
    "nodeStateCounts": {
      "runningNodeCount": "0",
      "idleNodeCount": "0",
      "unusableNodeCount": "0",
      "preparingNodeCount": "0",
      "leavingNodeCount": "0"
    },
    "vmPriority": "dedicated",
    "scaleSettings": {
      "manual": {
        "targetNodeCount": "1",
        "nodeDeallocationOption": "requeue"
      }
    },
    "virtualMachineConfiguration": {
      "imageReference": {
        "publisher": "Canonical",
        "offer": "UbuntuServer",
        "sku": "16.04-LTS",
        "version": "latest"
      }
    },
    "userAccountSettings": {
      "adminUserName": "admin_user_name"
    },
    "nodeSetup": {
      "mountVolumes": {
        "azureFileShares": [
          {
            "accountName": "storage_account_name",
            "azureFileUrl": "https://storage_account_name.file.core.windows.net/azure_file_share_name",
            "credentials": {},
            "relativeMountPath": "azfiles",
            "fileMode": "0777",
            "directoryMode": "0777"
          }
        ],
        "fileServers": [
          {
            "fileServer": {
              "id": "/subscriptions/00000000-0000-0000-0000-000000000000/resourceGroups/demo_resource_group/providers/Microsoft.BatchAI/fileservers/fileservercedd134b"
            },
            "relativeMountPath": "nfs",
            "mountOptions": "rw"
          }
        ]
      }
    },
    "subnet": {
      "id": "/subscriptions/00000000-0000-0000-0000-000000000000/resourceGroups/demo_resource_group/providers/Microsoft.Network/virtualNetworks/7feb1976-8c31-4f1f-bea2-86cb1839a7bavnet/subnets/Subnet-1"
    }
  },
  "provisioningState": "succeeded",
  "allocationState": "resizing",
  "creationTime": "2017-09-27T21:50:02.377Z",
  "allocationStateTransitionTime": "2017-09-27T21:50:04.521Z",
  "provisioningStateTransitionTime": "2017-09-27T21:50:03.828Z",
  "vmSize": "STANDARD_NC6",
  "currentNodeCount": "0",
  "nodeStateCounts": {
    "runningNodeCount": "0",
    "idleNodeCount": "0",
    "unusableNodeCount": "0",
    "preparingNodeCount": "0",
    "leavingNodeCount": "0"
  },
  "vmPriority": "dedicated",
  "scaleSettings": {
    "manual": {
      "targetNodeCount": "1",
      "nodeDeallocationOption": "requeue"
    }
  },
  "virtualMachineConfiguration": {
    "imageReference": {
      "publisher": "Canonical",
      "offer": "UbuntuServer",
      "sku": "16.04-LTS",
      "version": "latest"
    }
  },
  "userAccountSettings": {
    "adminUserName": "admin_user_name"
  },
  "nodeSetup": {
    "mountVolumes": {
      "azureFileShares": [
        {
          "accountName": "storage_account_name",
          "azureFileUrl": "https://storage_account_name.file.core.windows.net/azure_file_share_name",
          "credentials": {},
          "relativeMountPath": "azfiles",
          "fileMode": "0777",
          "directoryMode": "0777"
        }
      ],
      "fileServers": [
        {
          "fileServer": {
            "id": "/subscriptions/00000000-0000-0000-0000-000000000000/resourceGroups/demo_resource_group/providers/Microsoft.BatchAI/fileservers/fileservercedd134b"
          },
          "relativeMountPath": "nfs",
          "mountOptions": "rw"
        }
      ]
    }
  },
  "subnet": {
    "id": "/subscriptions/00000000-0000-0000-0000-000000000000/resourceGroups/demo_resource_group/providers/Microsoft.Network/virtualNetworks/7feb1976-8c31-4f1f-bea2-86cb1839a7bavnet/subnets/Subnet-1"
  }
}
  resource name fields: cluster_name cluster_name name
------------------------------- Cluster
  create
  delete
  get
  list_remote_login_information
  terminate
  list
  list_by_resource_group
  list_output_files
  ** CREATING MAIN MODULE
Getting example for: get
Found example for: get
Found response for: get
Found properties
Sample after properties copied ---
{
  "id": "/subscriptions/00000000-0000-0000-0000-000000000000/resourceGroups/demo_resource_group/providers/Microsoft.BatchAI/jobs/job",
  "name": "job",
  "type": "Microsoft.BatchAI/Jobs",
  "properties": {
    "priority": "0",
    "cluster": {
      "id": "/subscriptions/00000000-0000-0000-0000-000000000000/resourceGroups/demo_resource_group/providers/Microsoft.BatchAI/clusters/demo_cluster"
    },
    "nodeCount": "1",
    "containerSettings": {
      "imageSourceRegistry": {
        "image": "ubuntu"
      }
    },
    "toolType": "custom",
    "customToolkitSettings": {
      "commandLine": "echo hi | tee $AZ_BATCHAI_OUTPUT_OUTPUTS/hi.txt"
    },
    "stdOutErrPathPrefix": "$AZ_BATCHAI_MOUNT_ROOT/azfiles",
    "inputDirectories": [
      {
        "id": "INPUT",
        "path": "$AZ_BATCHAI_MOUNT_ROOT/azfiles/input"
      }
    ],
    "outputDirectories": [
      {
        "id": "OUTPUTS",
        "pathPrefix": "$AZ_BATCHAI_MOUNT_ROOT/azfiles/",
        "pathSuffix": "files",
        "type": "custom",
        "createNew": true
      }
    ],
    "constraints": {
      "maxWallClockTime": "P7D"
    },
    "creationTime": "2017-09-27T23:36:52.611Z",
    "provisioningState": "succeeded",
    "provisioningStateTransitionTime": "2017-09-27T23:36:53.701Z",
    "executionState": "running",
    "executionStateTransitionTime": "2017-09-27T23:36:56.395Z",
    "executionInfo": {
      "startTime": "2017-09-27T23:36:54.115Z"
    }
  },
  "priority": "0",
  "cluster": {
    "id": "/subscriptions/00000000-0000-0000-0000-000000000000/resourceGroups/demo_resource_group/providers/Microsoft.BatchAI/clusters/demo_cluster"
  },
  "nodeCount": "1",
  "containerSettings": {
    "imageSourceRegistry": {
      "image": "ubuntu"
    }
  },
  "toolType": "custom",
  "customToolkitSettings": {
    "commandLine": "echo hi | tee $AZ_BATCHAI_OUTPUT_OUTPUTS/hi.txt"
  },
  "stdOutErrPathPrefix": "$AZ_BATCHAI_MOUNT_ROOT/azfiles",
  "inputDirectories": [
    {
      "id": "INPUT",
      "path": "$AZ_BATCHAI_MOUNT_ROOT/azfiles/input"
    }
  ],
  "outputDirectories": [
    {
      "id": "OUTPUTS",
      "pathPrefix": "$AZ_BATCHAI_MOUNT_ROOT/azfiles/",
      "pathSuffix": "files",
      "type": "custom",
      "createNew": true
    }
  ],
  "constraints": {
    "maxWallClockTime": "P7D"
  },
  "creationTime": "2017-09-27T23:36:52.611Z",
  "provisioningState": "succeeded",
  "provisioningStateTransitionTime": "2017-09-27T23:36:53.701Z",
  "executionState": "running",
  "executionStateTransitionTime": "2017-09-27T23:36:56.395Z",
  "executionInfo": {
    "startTime": "2017-09-27T23:36:54.115Z"
  }
}
Getting example for: create
Found example for: create
Found response for: create
Found properties
Sample after properties copied ---
{
  "id": "/subscriptions/00000000-0000-0000-0000-000000000000/resourceGroups/demo_resource_group/providers/Microsoft.BatchAI/jobs/demo_job",
  "name": "demo_job",
  "type": "Microsoft.BatchAI/Job",
  "properties": {
    "priority": "0",
    "cluster": {
      "id": "/subscriptions/00000000-0000-0000-0000-000000000000/resourceGroups/demo_resource_group/providers/Microsoft.BatchAI/clusters/demo_cluster"
    },
    "nodeCount": "1",
    "containerSettings": {
      "imageSourceRegistry": {
        "image": "ubuntu"
      }
    },
    "toolType": "custom",
    "customToolkitSettings": {
      "commandLine": "echo hi | tee $AZ_BATCHAI_OUTPUT_OUTPUTS/hi.txt"
    },
    "stdOutErrPathPrefix": "$AZ_BATCHAI_MOUNT_ROOT/azfiles",
    "inputDirectories": [
      {
        "id": "INPUT",
        "path": "$AZ_BATCHAI_MOUNT_ROOT/azfiles/input"
      }
    ],
    "outputDirectories": [
      {
        "id": "OUTPUTS",
        "pathPrefix": "$AZ_BATCHAI_MOUNT_ROOT/azfiles/",
        "pathSuffix": "files",
        "type": "custom",
        "createNew": true
      }
    ],
    "constraints": {
      "maxWallClockTime": "P7D"
    },
    "creationTime": "2017-09-27T23:36:52.611Z",
    "provisioningState": "succeeded",
    "provisioningStateTransitionTime": "2017-09-27T23:36:53.701Z",
    "executionState": "running",
    "executionStateTransitionTime": "2017-09-27T23:36:56.395Z",
    "executionInfo": {
      "startTime": "2017-09-27T23:36:54.115Z"
    }
  },
  "priority": "0",
  "cluster": {
    "id": "/subscriptions/00000000-0000-0000-0000-000000000000/resourceGroups/demo_resource_group/providers/Microsoft.BatchAI/clusters/demo_cluster"
  },
  "nodeCount": "1",
  "containerSettings": {
    "imageSourceRegistry": {
      "image": "ubuntu"
    }
  },
  "toolType": "custom",
  "customToolkitSettings": {
    "commandLine": "echo hi | tee $AZ_BATCHAI_OUTPUT_OUTPUTS/hi.txt"
  },
  "stdOutErrPathPrefix": "$AZ_BATCHAI_MOUNT_ROOT/azfiles",
  "inputDirectories": [
    {
      "id": "INPUT",
      "path": "$AZ_BATCHAI_MOUNT_ROOT/azfiles/input"
    }
  ],
  "outputDirectories": [
    {
      "id": "OUTPUTS",
      "pathPrefix": "$AZ_BATCHAI_MOUNT_ROOT/azfiles/",
      "pathSuffix": "files",
      "type": "custom",
      "createNew": true
    }
  ],
  "constraints": {
    "maxWallClockTime": "P7D"
  },
  "creationTime": "2017-09-27T23:36:52.611Z",
  "provisioningState": "succeeded",
  "provisioningStateTransitionTime": "2017-09-27T23:36:53.701Z",
  "executionState": "running",
  "executionStateTransitionTime": "2017-09-27T23:36:56.395Z",
  "executionInfo": {
    "startTime": "2017-09-27T23:36:54.115Z"
  }
}
  ** CREATING FACT MODULE
Getting example for: get
Found example for: get
Found response for: get
Found properties
Sample after properties copied ---
{
  "id": "/subscriptions/00000000-0000-0000-0000-000000000000/resourceGroups/demo_resource_group/providers/Microsoft.BatchAI/jobs/job",
  "name": "job",
  "type": "Microsoft.BatchAI/Jobs",
  "properties": {
    "priority": "0",
    "cluster": {
      "id": "/subscriptions/00000000-0000-0000-0000-000000000000/resourceGroups/demo_resource_group/providers/Microsoft.BatchAI/clusters/demo_cluster"
    },
    "nodeCount": "1",
    "containerSettings": {
      "imageSourceRegistry": {
        "image": "ubuntu"
      }
    },
    "toolType": "custom",
    "customToolkitSettings": {
      "commandLine": "echo hi | tee $AZ_BATCHAI_OUTPUT_OUTPUTS/hi.txt"
    },
    "stdOutErrPathPrefix": "$AZ_BATCHAI_MOUNT_ROOT/azfiles",
    "inputDirectories": [
      {
        "id": "INPUT",
        "path": "$AZ_BATCHAI_MOUNT_ROOT/azfiles/input"
      }
    ],
    "outputDirectories": [
      {
        "id": "OUTPUTS",
        "pathPrefix": "$AZ_BATCHAI_MOUNT_ROOT/azfiles/",
        "pathSuffix": "files",
        "type": "custom",
        "createNew": true
      }
    ],
    "constraints": {
      "maxWallClockTime": "P7D"
    },
    "creationTime": "2017-09-27T23:36:52.611Z",
    "provisioningState": "succeeded",
    "provisioningStateTransitionTime": "2017-09-27T23:36:53.701Z",
    "executionState": "running",
    "executionStateTransitionTime": "2017-09-27T23:36:56.395Z",
    "executionInfo": {
      "startTime": "2017-09-27T23:36:54.115Z"
    }
  },
  "priority": "0",
  "cluster": {
    "id": "/subscriptions/00000000-0000-0000-0000-000000000000/resourceGroups/demo_resource_group/providers/Microsoft.BatchAI/clusters/demo_cluster"
  },
  "nodeCount": "1",
  "containerSettings": {
    "imageSourceRegistry": {
      "image": "ubuntu"
    }
  },
  "toolType": "custom",
  "customToolkitSettings": {
    "commandLine": "echo hi | tee $AZ_BATCHAI_OUTPUT_OUTPUTS/hi.txt"
  },
  "stdOutErrPathPrefix": "$AZ_BATCHAI_MOUNT_ROOT/azfiles",
  "inputDirectories": [
    {
      "id": "INPUT",
      "path": "$AZ_BATCHAI_MOUNT_ROOT/azfiles/input"
    }
  ],
  "outputDirectories": [
    {
      "id": "OUTPUTS",
      "pathPrefix": "$AZ_BATCHAI_MOUNT_ROOT/azfiles/",
      "pathSuffix": "files",
      "type": "custom",
      "createNew": true
    }
  ],
  "constraints": {
    "maxWallClockTime": "P7D"
  },
  "creationTime": "2017-09-27T23:36:52.611Z",
  "provisioningState": "succeeded",
  "provisioningStateTransitionTime": "2017-09-27T23:36:53.701Z",
  "executionState": "running",
  "executionStateTransitionTime": "2017-09-27T23:36:56.395Z",
  "executionInfo": {
    "startTime": "2017-09-27T23:36:54.115Z"
  }
}
  resource name fields: job_name job_name name
------------------------------- Job
  create
  delete
  get
  list
  list_by_resource_group
  ** CREATING MAIN MODULE
Getting example for: get
Found example for: get
Found response for: get
Found properties
Sample after properties copied ---
{
  "id": "/subscriptions/00000000-0000-0000-0000-000000000000/resourceGroups/demo_resource_group/providers/Microsoft.BatchAI/fileservers/fileservercedd134b",
  "name": "fileservercedd134b",
  "type": "Microsoft.BatchAI/FileServers",
  "location": "eastus",
  "properties": {
    "provisioningState": "succeeded",
    "creationTime": "2017-09-27T21:45:28.159Z",
    "provisioningStateTransitionTime": "2017-09-27T21:49:25.416Z",
    "vmSize": "STANDARD_NC6",
    "sshConfiguration": {
      "userAccountSettings": {
        "adminUserName": "admin_user_name"
      }
    },
    "dataDisks": {
      "diskSizeInGB": "10",
      "cachingType": "none",
      "diskCount": "2",
      "storageAccountType": "Standard_LRS"
    },
    "subnet": {
      "id": "/subscriptions/00000000-0000-0000-0000-000000000000/resourceGroups/demo_resource_group/providers/Microsoft.Network/virtualNetworks/7feb1976-8c31-4f1f-bea2-86cb1839a7bavnet/subnets/Subnet-1"
    },
    "mountSettings": {
      "mountPoint": "/mnt/data",
      "fileServerPublicIP": "13.90.141.66",
      "fileServerInternalIP": "10.0.0.4",
      "fileServerType": "nfs"
    }
  },
  "provisioningState": "succeeded",
  "creationTime": "2017-09-27T21:45:28.159Z",
  "provisioningStateTransitionTime": "2017-09-27T21:49:25.416Z",
  "vmSize": "STANDARD_NC6",
  "sshConfiguration": {
    "userAccountSettings": {
      "adminUserName": "admin_user_name"
    }
  },
  "dataDisks": {
    "diskSizeInGB": "10",
    "cachingType": "none",
    "diskCount": "2",
    "storageAccountType": "Standard_LRS"
  },
  "subnet": {
    "id": "/subscriptions/00000000-0000-0000-0000-000000000000/resourceGroups/demo_resource_group/providers/Microsoft.Network/virtualNetworks/7feb1976-8c31-4f1f-bea2-86cb1839a7bavnet/subnets/Subnet-1"
  },
  "mountSettings": {
    "mountPoint": "/mnt/data",
    "fileServerPublicIP": "13.90.141.66",
    "fileServerInternalIP": "10.0.0.4",
    "fileServerType": "nfs"
  }
}
Getting example for: create
Found example for: create
Found response for: create
  ** CREATING FACT MODULE
Getting example for: get
Found example for: get
Found response for: get
Found properties
Sample after properties copied ---
{
  "id": "/subscriptions/00000000-0000-0000-0000-000000000000/resourceGroups/demo_resource_group/providers/Microsoft.BatchAI/fileservers/fileservercedd134b",
  "name": "fileservercedd134b",
  "type": "Microsoft.BatchAI/FileServers",
  "location": "eastus",
  "properties": {
    "provisioningState": "succeeded",
    "creationTime": "2017-09-27T21:45:28.159Z",
    "provisioningStateTransitionTime": "2017-09-27T21:49:25.416Z",
    "vmSize": "STANDARD_NC6",
    "sshConfiguration": {
      "userAccountSettings": {
        "adminUserName": "admin_user_name"
      }
    },
    "dataDisks": {
      "diskSizeInGB": "10",
      "cachingType": "none",
      "diskCount": "2",
      "storageAccountType": "Standard_LRS"
    },
    "subnet": {
      "id": "/subscriptions/00000000-0000-0000-0000-000000000000/resourceGroups/demo_resource_group/providers/Microsoft.Network/virtualNetworks/7feb1976-8c31-4f1f-bea2-86cb1839a7bavnet/subnets/Subnet-1"
    },
    "mountSettings": {
      "mountPoint": "/mnt/data",
      "fileServerPublicIP": "13.90.141.66",
      "fileServerInternalIP": "10.0.0.4",
      "fileServerType": "nfs"
    }
  },
  "provisioningState": "succeeded",
  "creationTime": "2017-09-27T21:45:28.159Z",
  "provisioningStateTransitionTime": "2017-09-27T21:49:25.416Z",
  "vmSize": "STANDARD_NC6",
  "sshConfiguration": {
    "userAccountSettings": {
      "adminUserName": "admin_user_name"
    }
  },
  "dataDisks": {
    "diskSizeInGB": "10",
    "cachingType": "none",
    "diskCount": "2",
    "storageAccountType": "Standard_LRS"
  },
  "subnet": {
    "id": "/subscriptions/00000000-0000-0000-0000-000000000000/resourceGroups/demo_resource_group/providers/Microsoft.Network/virtualNetworks/7feb1976-8c31-4f1f-bea2-86cb1839a7bavnet/subnets/Subnet-1"
  },
  "mountSettings": {
    "mountPoint": "/mnt/data",
    "fileServerPublicIP": "13.90.141.66",
    "fileServerInternalIP": "10.0.0.4",
    "fileServerType": "nfs"
  }
}
  resource name fields: file_server_name file_server_name name
TWEAK: RENAMING resource_group_name -- A
