Getting example for: get
Found example for: get
Found response for: get
Sample after properties copied ---
{
  "id": "id",
  "name": "name",
  "type": "type",
  "displayName": "displayName",
  "resourceTypes": [
    {
      "name": "name",
      "displayName": "name",
      "operations": []
    }
  ],
  "operations": []
}
Getting example for: get
Found example for: get
Found response for: get
Found properties
Sample after properties copied ---
{
  "properties": {
    "roleDefinitionId": "/subscriptions/subId/providers/Microsoft.Authorization/roleDefinitions/roledefinitionId",
    "principalId": "Pid",
    "scope": "/subscriptions/subId/resourcegroups/rgname"
  },
  "id": "/subscriptions/subId/resourcegroups/rgname/providers/Microsoft.Authorization/roleAssignments/roleassignmentId",
  "type": "Microsoft.Authorization/roleAssignments",
  "name": "raId",
  "roleDefinitionId": "/subscriptions/subId/providers/Microsoft.Authorization/roleDefinitions/roledefinitionId",
  "principalId": "Pid",
  "scope": "/subscriptions/subId/resourcegroups/rgname"
}
Getting example for: create
Found example for: create
Getting example for: get
Found example for: get
Found response for: get
Found properties
Sample after properties copied ---
{
  "properties": {
    "roleDefinitionId": "/subscriptions/subId/providers/Microsoft.Authorization/roleDefinitions/roledefinitionId",
    "principalId": "Pid",
    "scope": "/subscriptions/subId/resourcegroups/rgname"
  },
  "id": "/subscriptions/subId/resourcegroups/rgname/providers/Microsoft.Authorization/roleAssignments/roleassignmentId",
  "type": "Microsoft.Authorization/roleAssignments",
  "name": "raId",
  "roleDefinitionId": "/subscriptions/subId/providers/Microsoft.Authorization/roleDefinitions/roledefinitionId",
  "principalId": "Pid",
  "scope": "/subscriptions/subId/resourcegroups/rgname"
}
Getting example for: get
Found example for: get
Found response for: get
Found properties
Error copying property --- type
Sample after properties copied ---
{
  "properties": {
    "roleName": "Role name",
    "type": "roletype",
    "description": "Role description",
    "assignableScopes": [
      "/subscriptions/subId"
    ],
    "permissions": [
      {
        "actions": [
          "action"
        ],
        "notActions": []
      }
    ]
  },
  "id": "/subscriptions/subID/providers/Microsoft.Authorization/roleDefinitions/roleDefinitionId",
  "type": "Microsoft.Authorization/roleDefinitions",
  "name": "roleDefinitionId",
  "roleName": "Role name",
  "description": "Role description",
  "assignableScopes": [
    "/subscriptions/subId"
  ],
  "permissions": [
    {
      "actions": [
        "action"
      ],
      "notActions": []
    }
  ]
}
Getting example for: create_or_update
Found example for: create_or_update
Getting example for: get
Found example for: get
Found response for: get
Found properties
Error copying property --- type
Sample after properties copied ---
{
  "properties": {
    "roleName": "Role name",
    "type": "roletype",
    "description": "Role description",
    "assignableScopes": [
      "/subscriptions/subId"
    ],
    "permissions": [
      {
        "actions": [
          "action"
        ],
        "notActions": []
      }
    ]
  },
  "id": "/subscriptions/subID/providers/Microsoft.Authorization/roleDefinitions/roleDefinitionId",
  "type": "Microsoft.Authorization/roleDefinitions",
  "name": "roleDefinitionId",
  "roleName": "Role name",
  "description": "Role description",
  "assignableScopes": [
    "/subscriptions/subId"
  ],
  "permissions": [
    {
      "actions": [
        "action"
      ],
      "notActions": []
    }
  ]
}
