------------------------------- Batch Account
  create
  update
  delete
  get
  list
  list_by_resource_group
  synchronize_auto_storage_keys
  regenerate_key
  get_keys
  ** CREATING MAIN MODULE
Getting example for: get
Found example for: get
Found response for: get
Found properties
Sample after properties copied ---
{
  "name": "sampleacct",
  "location": "japaneast",
  "properties": {
    "accountEndpoint": "sampleacct.japaneast.batch.azure.com",
    "provisioningState": "Succeeded",
    "poolAllocationMode": "BatchService",
    "dedicatedCoreQuota": "20",
    "lowPriorityCoreQuota": "20",
    "poolQuota": "20",
    "activeJobAndJobScheduleQuota": "20",
    "autoStorage": {
      "storageAccountId": "/subscriptions/subid/resourceGroups/default-azurebatch-japaneast/providers/Microsoft.Storage/storageAccounts/samplestorage",
      "lastKeySync": "2016-03-10T23:48:38.9878479Z"
    }
  },
  "id": "/subscriptions/subid/resourceGroups/default-azurebatch-japaneast/providers/Microsoft.Batch/batchAccounts/sampleacct",
  "type": "Microsoft.Batch/batchAccounts",
  "accountEndpoint": "sampleacct.japaneast.batch.azure.com",
  "provisioningState": "Succeeded",
  "poolAllocationMode": "BatchService",
  "dedicatedCoreQuota": "20",
  "lowPriorityCoreQuota": "20",
  "poolQuota": "20",
  "activeJobAndJobScheduleQuota": "20",
  "autoStorage": {
    "storageAccountId": "/subscriptions/subid/resourceGroups/default-azurebatch-japaneast/providers/Microsoft.Storage/storageAccounts/samplestorage",
    "lastKeySync": "2016-03-10T23:48:38.9878479Z"
  }
}
Getting example for: create
Found example for: create
Found response for: create
Found properties
Sample after properties copied ---
{
  "name": "sampleacct",
  "location": "japaneast",
  "properties": {
    "accountEndpoint": "sampleacct.japaneast.batch.azure.com",
    "provisioningState": "Succeeded",
    "poolAllocationMode": "BatchService",
    "dedicatedCoreQuota": "20",
    "lowPriorityCoreQuota": "20",
    "poolQuota": "20",
    "activeJobAndJobScheduleQuota": "20",
    "autoStorage": {
      "storageAccountId": "/subscriptions/subid/resourceGroups/default-azurebatch-japaneast/providers/Microsoft.Storage/storageAccounts/samplestorage",
      "lastKeySync": "2016-03-10T23:48:38.9878479Z"
    }
  },
  "id": "/subscriptions/subid/resourceGroups/default-azurebatch-japaneast/providers/Microsoft.Batch/batchAccounts/sampleacct",
  "type": "Microsoft.Batch/batchAccounts",
  "accountEndpoint": "sampleacct.japaneast.batch.azure.com",
  "provisioningState": "Succeeded",
  "poolAllocationMode": "BatchService",
  "dedicatedCoreQuota": "20",
  "lowPriorityCoreQuota": "20",
  "poolQuota": "20",
  "activeJobAndJobScheduleQuota": "20",
  "autoStorage": {
    "storageAccountId": "/subscriptions/subid/resourceGroups/default-azurebatch-japaneast/providers/Microsoft.Storage/storageAccounts/samplestorage",
    "lastKeySync": "2016-03-10T23:48:38.9878479Z"
  }
}
Getting example for: update
Found example for: update
Found response for: update
Found properties
Sample after properties copied ---
{
  "name": "sampleacct",
  "location": "japaneast",
  "properties": {
    "accountEndpoint": "sampleacct.japaneast.batch.azure.com",
    "provisioningState": "Succeeded",
    "poolAllocationMode": "BatchService",
    "dedicatedCoreQuota": "20",
    "lowPriorityCoreQuota": "20",
    "poolQuota": "20",
    "activeJobAndJobScheduleQuota": "20",
    "autoStorage": {
      "storageAccountId": "/subscriptions/subid/resourceGroups/default-azurebatch-japaneast/providers/Microsoft.Storage/storageAccounts/samplestorage",
      "lastKeySync": "2016-03-10T23:48:38.9878479Z"
    }
  },
  "id": "/subscriptions/subid/resourceGroups/default-azurebatch-japaneast/providers/Microsoft.Batch/batchAccounts/sampleacct",
  "type": "Microsoft.Batch/batchAccounts",
  "accountEndpoint": "sampleacct.japaneast.batch.azure.com",
  "provisioningState": "Succeeded",
  "poolAllocationMode": "BatchService",
  "dedicatedCoreQuota": "20",
  "lowPriorityCoreQuota": "20",
  "poolQuota": "20",
  "activeJobAndJobScheduleQuota": "20",
  "autoStorage": {
    "storageAccountId": "/subscriptions/subid/resourceGroups/default-azurebatch-japaneast/providers/Microsoft.Storage/storageAccounts/samplestorage",
    "lastKeySync": "2016-03-10T23:48:38.9878479Z"
  }
}
  ** CREATING FACT MODULE
Getting example for: get
Found example for: get
Found response for: get
Found properties
Sample after properties copied ---
{
  "name": "sampleacct",
  "location": "japaneast",
  "properties": {
    "accountEndpoint": "sampleacct.japaneast.batch.azure.com",
    "provisioningState": "Succeeded",
    "poolAllocationMode": "BatchService",
    "dedicatedCoreQuota": "20",
    "lowPriorityCoreQuota": "20",
    "poolQuota": "20",
    "activeJobAndJobScheduleQuota": "20",
    "autoStorage": {
      "storageAccountId": "/subscriptions/subid/resourceGroups/default-azurebatch-japaneast/providers/Microsoft.Storage/storageAccounts/samplestorage",
      "lastKeySync": "2016-03-10T23:48:38.9878479Z"
    }
  },
  "id": "/subscriptions/subid/resourceGroups/default-azurebatch-japaneast/providers/Microsoft.Batch/batchAccounts/sampleacct",
  "type": "Microsoft.Batch/batchAccounts",
  "accountEndpoint": "sampleacct.japaneast.batch.azure.com",
  "provisioningState": "Succeeded",
  "poolAllocationMode": "BatchService",
  "dedicatedCoreQuota": "20",
  "lowPriorityCoreQuota": "20",
  "poolQuota": "20",
  "activeJobAndJobScheduleQuota": "20",
  "autoStorage": {
    "storageAccountId": "/subscriptions/subid/resourceGroups/default-azurebatch-japaneast/providers/Microsoft.Storage/storageAccounts/samplestorage",
    "lastKeySync": "2016-03-10T23:48:38.9878479Z"
  }
}
  resource name fields: batch_account_name account_name name
------------------------------- Batch Account
  activate
  create
  delete
  get
  ** CREATING MAIN MODULE
Getting example for: get
Getting example for: create
  ** CREATING FACT MODULE
Getting example for: get
  resource name fields: application_package_name account_name account_name
------------------------------- Application Package
  create
  delete
  get
  update
  list
  ** CREATING MAIN MODULE
Getting example for: get
Getting example for: create
Getting example for: update
  ** CREATING FACT MODULE
Getting example for: get
  resource name fields: application_name account_name account_name
------------------------------- Application
  get_quotas
  check_name_availability
------------------------------- Location
  list
------------------------------- Operation
  list_by_batch_account
  create
  update
  delete
  get
  cancel_deletion
  ** CREATING MAIN MODULE
Getting example for: get
Found example for: get
Found response for: get
Found properties
Sample after properties copied ---
{
  "id": "/subscriptions/subid/resourceGroups/default-azurebatch-japaneast/providers/Microsoft.Batch/batchAccounts/samplecct/certificates/SHA1-0A0E4F50D51BEADEAC1D35AFC5116098E7902E6E",
  "name": "SHA1-0A0E4F50D51BEADEAC1D35AFC5116098E7902E6E",
  "type": "Microsoft.Batch/batchAccounts/certificates",
  "etag": "W/\"0x8D4EDD5118668F7\"",
  "properties": {
    "thumbprintAlgorithm": "SHA1",
    "thumbprint": "0A0E4F50D51BEADEAC1D35AFC5116098E7902E6E",
    "provisioningState": "Succeeded",
    "provisioningStateTransitionTime": "2017-07-21T01:47:38.4420202Z",
    "format": "Pfx",
    "publicData": "MIICrjCCAZagAwI..."
  },
  "thumbprintAlgorithm": "SHA1",
  "thumbprint": "0A0E4F50D51BEADEAC1D35AFC5116098E7902E6E",
  "provisioningState": "Succeeded",
  "provisioningStateTransitionTime": "2017-07-21T01:47:38.4420202Z",
  "format": "Pfx",
  "publicData": "MIICrjCCAZagAwI..."
}
Getting example for: create
Found example for: create
Found response for: create
Found properties
Sample after properties copied ---
{
  "id": "/subscriptions/subid/resourceGroups/default-azurebatch-japaneast/providers/Microsoft.Batch/batchAccounts/samplecct/certificates/SHA1-0A0E4F50D51BEADEAC1D35AFC5116098E7902E6E",
  "name": "SHA1-0A0E4F50D51BEADEAC1D35AFC5116098E7902E6E",
  "type": "Microsoft.Batch/batchAccounts/certificates",
  "etag": "W/\"0x8D4EDD5118668F7\"",
  "properties": {
    "thumbprintAlgorithm": "SHA1",
    "thumbprint": "0A0E4F50D51BEADEAC1D35AFC5116098E7902E6E",
    "provisioningState": "Succeeded",
    "provisioningStateTransitionTime": "2017-07-21T01:47:38.4420202Z",
    "format": "Pfx",
    "publicData": "MIICrjCCAZagAwI..."
  },
  "thumbprintAlgorithm": "SHA1",
  "thumbprint": "0A0E4F50D51BEADEAC1D35AFC5116098E7902E6E",
  "provisioningState": "Succeeded",
  "provisioningStateTransitionTime": "2017-07-21T01:47:38.4420202Z",
  "format": "Pfx",
  "publicData": "MIICrjCCAZagAwI..."
}
Getting example for: update
Found example for: update
Found response for: update
Found properties
Sample after properties copied ---
{
  "id": "/subscriptions/subid/resourceGroups/default-azurebatch-japaneast/providers/Microsoft.Batch/batchAccounts/samplecct/certificates/SHA1-0A0E4F50D51BEADEAC1D35AFC5116098E7902E6E",
  "name": "SHA1-0A0E4F50D51BEADEAC1D35AFC5116098E7902E6E",
  "type": "Microsoft.Batch/batchAccounts/certificates",
  "etag": "W/\"0x8D4EDD5118668F7\"",
  "properties": {
    "thumbprintAlgorithm": "SHA1",
    "thumbprint": "0A0E4F50D51BEADEAC1D35AFC5116098E7902E6E",
    "provisioningState": "Succeeded",
    "provisioningStateTransitionTime": "2017-07-21T01:47:38.4420202Z",
    "format": "Pfx",
    "publicData": "MIICrjCCAZagAwI..."
  },
  "thumbprintAlgorithm": "SHA1",
  "thumbprint": "0A0E4F50D51BEADEAC1D35AFC5116098E7902E6E",
  "provisioningState": "Succeeded",
  "provisioningStateTransitionTime": "2017-07-21T01:47:38.4420202Z",
  "format": "Pfx",
  "publicData": "MIICrjCCAZagAwI..."
}
  ** CREATING FACT MODULE
Getting example for: get
Found example for: get
Found response for: get
Found properties
Sample after properties copied ---
{
  "id": "/subscriptions/subid/resourceGroups/default-azurebatch-japaneast/providers/Microsoft.Batch/batchAccounts/samplecct/certificates/SHA1-0A0E4F50D51BEADEAC1D35AFC5116098E7902E6E",
  "name": "SHA1-0A0E4F50D51BEADEAC1D35AFC5116098E7902E6E",
  "type": "Microsoft.Batch/batchAccounts/certificates",
  "etag": "W/\"0x8D4EDD5118668F7\"",
  "properties": {
    "thumbprintAlgorithm": "SHA1",
    "thumbprint": "0A0E4F50D51BEADEAC1D35AFC5116098E7902E6E",
    "provisioningState": "Succeeded",
    "provisioningStateTransitionTime": "2017-07-21T01:47:38.4420202Z",
    "format": "Pfx",
    "publicData": "MIICrjCCAZagAwI..."
  },
  "thumbprintAlgorithm": "SHA1",
  "thumbprint": "0A0E4F50D51BEADEAC1D35AFC5116098E7902E6E",
  "provisioningState": "Succeeded",
  "provisioningStateTransitionTime": "2017-07-21T01:47:38.4420202Z",
  "format": "Pfx",
  "publicData": "MIICrjCCAZagAwI..."
}
  resource name fields: certificate_name certificate_name name
------------------------------- Certificate
  list_by_batch_account
  create
  update
  delete
  get
  disable_auto_scale
  stop_resize
  ** CREATING MAIN MODULE
Getting example for: get
Found example for: get
Found response for: get
Found properties
Sample after properties copied ---
{
  "id": "/subscriptions/subid/resourceGroups/default-azurebatch-japaneast/providers/Microsoft.Batch/batchAccounts/sampleacct/pools/testpool",
  "name": "testpool",
  "type": "Microsoft.Batch/batchAccounts/pools",
  "etag": "W/\"0x8D4EDFEBFADF4AB\"",
  "properties": {
    "lastModified": "2017-08-28T10:22:55.9407275Z",
    "creationTime": "2017-08-28T10:22:55.9407275Z",
    "provisioningState": "Succeeded",
    "provisioningStateTransitionTime": "2017-08-28T10:22:55.9407275Z",
    "allocationState": "Resizing",
    "allocationStateTransitionTime": "2017-08-28T10:22:55.9407275Z",
    "vmSize": "STANDARD_D4",
    "interNodeCommunication": "Enabled",
    "maxTasksPerNode": "13",
    "taskSchedulingPolicy": {
      "nodeFillType": "Pack"
    },
    "deploymentConfiguration": {
      "cloudServiceConfiguration": {
        "osFamily": "4",
        "targetOSVersion": "WA-GUEST-OS-4.45_201708-01"
      }
    },
    "scaleSettings": {
      "fixedScale": {
        "targetDedicatedNodes": "6",
        "targetLowPriorityNodes": "28",
        "resizeTimeout": "PT8M"
      }
    },
    "networkConfiguration": {
      "subnetId": "/subscriptions/subid/resourceGroups/rg1234/providers/Microsoft.Network/virtualNetworks/network1234/subnets/subnet123",
      "endpointConfiguration": {
        "inboundNatPools": [
          {
            "name": "testnat",
            "protocol": "TCP",
            "backendPort": "12001",
            "frontendPortRangeStart": "15000",
            "frontendPortRangeEnd": "15100",
            "networkSecurityGroupRules": [
              {
                "access": "Allow",
                "sourceAddressPrefix": "192.100.12.45",
                "priority": "150"
              },
              {
                "access": "Deny",
                "sourceAddressPrefix": "*",
                "priority": "3500"
              }
            ]
          }
        ]
      }
    },
    "metadata": [
      {
        "name": "metadata-1",
        "value": "value-1"
      },
      {
        "name": "metadata-2",
        "value": "value-2"
      }
    ],
    "startTask": {
      "commandLine": "cmd /c SET",
      "resourceFiles": [
        {
          "blobSource": "https://testaccount.blob.core.windows.net/example-blob-file",
          "filePath": "c:\\temp\\gohere",
          "fileMode": "777"
        }
      ],
      "environmentSettings": [
        {
          "name": "MYSET",
          "value": "1234"
        }
      ],
      "userIdentity": {
        "autoUser": {
          "scope": "Pool",
          "elevationLevel": "Admin"
        }
      },
      "maxTaskRetryCount": "6",
      "waitForSuccess": true
    },
    "userAccounts": [
      {
        "name": "username1",
        "elevationLevel": "Admin",
        "linuxUserConfiguration": {
          "uid": "1234",
          "gid": "4567"
        }
      }
    ],
    "applicationPackages": [
      {
        "id": "/subscriptions/subid/resourceGroups/default-azurebatch-japaneast/providers/Microsoft.Batch/batchAccounts/sampleacct/pools/testpool/applications/app_1234",
        "version": "asdf"
      }
    ],
    "certificates": [
      {
        "id": "/subscriptions/subid/resourceGroups/default-azurebatch-japaneast/providers/Microsoft.Batch/batchAccounts/sampleacct/pools/testpool/certificates/SHA1-1234567",
        "storeLocation": "LocalMachine",
        "storeName": "MY",
        "visibility": [
          "RemoteUser"
        ]
      }
    ],
    "applicationLicenses": [
      "app-license0",
      "app-license1"
    ],
    "currentDedicatedNodes": "0",
    "currentLowPriorityNodes": "0",
    "resizeOperationStatus": {
      "startTime": "2017-08-28T10:22:55.9407275Z",
      "targetDedicatedNodes": "6",
      "targetLowPriorityNodes": "28",
      "nodeDeallocationOption": "TaskCompletion",
      "resizeTimeout": "PT8M"
    }
  },
  "lastModified": "2017-08-28T10:22:55.9407275Z",
  "creationTime": "2017-08-28T10:22:55.9407275Z",
  "provisioningState": "Succeeded",
  "provisioningStateTransitionTime": "2017-08-28T10:22:55.9407275Z",
  "allocationState": "Resizing",
  "allocationStateTransitionTime": "2017-08-28T10:22:55.9407275Z",
  "vmSize": "STANDARD_D4",
  "interNodeCommunication": "Enabled",
  "maxTasksPerNode": "13",
  "taskSchedulingPolicy": {
    "nodeFillType": "Pack"
  },
  "deploymentConfiguration": {
    "cloudServiceConfiguration": {
      "osFamily": "4",
      "targetOSVersion": "WA-GUEST-OS-4.45_201708-01"
    }
  },
  "scaleSettings": {
    "fixedScale": {
      "targetDedicatedNodes": "6",
      "targetLowPriorityNodes": "28",
      "resizeTimeout": "PT8M"
    }
  },
  "networkConfiguration": {
    "subnetId": "/subscriptions/subid/resourceGroups/rg1234/providers/Microsoft.Network/virtualNetworks/network1234/subnets/subnet123",
    "endpointConfiguration": {
      "inboundNatPools": [
        {
          "name": "testnat",
          "protocol": "TCP",
          "backendPort": "12001",
          "frontendPortRangeStart": "15000",
          "frontendPortRangeEnd": "15100",
          "networkSecurityGroupRules": [
            {
              "access": "Allow",
              "sourceAddressPrefix": "192.100.12.45",
              "priority": "150"
            },
            {
              "access": "Deny",
              "sourceAddressPrefix": "*",
              "priority": "3500"
            }
          ]
        }
      ]
    }
  },
  "metadata": [
    {
      "name": "metadata-1",
      "value": "value-1"
    },
    {
      "name": "metadata-2",
      "value": "value-2"
    }
  ],
  "startTask": {
    "commandLine": "cmd /c SET",
    "resourceFiles": [
      {
        "blobSource": "https://testaccount.blob.core.windows.net/example-blob-file",
        "filePath": "c:\\temp\\gohere",
        "fileMode": "777"
      }
    ],
    "environmentSettings": [
      {
        "name": "MYSET",
        "value": "1234"
      }
    ],
    "userIdentity": {
      "autoUser": {
        "scope": "Pool",
        "elevationLevel": "Admin"
      }
    },
    "maxTaskRetryCount": "6",
    "waitForSuccess": true
  },
  "userAccounts": [
    {
      "name": "username1",
      "elevationLevel": "Admin",
      "linuxUserConfiguration": {
        "uid": "1234",
        "gid": "4567"
      }
    }
  ],
  "applicationPackages": [
    {
      "id": "/subscriptions/subid/resourceGroups/default-azurebatch-japaneast/providers/Microsoft.Batch/batchAccounts/sampleacct/pools/testpool/applications/app_1234",
      "version": "asdf"
    }
  ],
  "certificates": [
    {
      "id": "/subscriptions/subid/resourceGroups/default-azurebatch-japaneast/providers/Microsoft.Batch/batchAccounts/sampleacct/pools/testpool/certificates/SHA1-1234567",
      "storeLocation": "LocalMachine",
      "storeName": "MY",
      "visibility": [
        "RemoteUser"
      ]
    }
  ],
  "applicationLicenses": [
    "app-license0",
    "app-license1"
  ],
  "currentDedicatedNodes": "0",
  "currentLowPriorityNodes": "0",
  "resizeOperationStatus": {
    "startTime": "2017-08-28T10:22:55.9407275Z",
    "targetDedicatedNodes": "6",
    "targetLowPriorityNodes": "28",
    "nodeDeallocationOption": "TaskCompletion",
    "resizeTimeout": "PT8M"
  }
}
Getting example for: create
Found example for: create
Found response for: create
Found properties
Sample after properties copied ---
{
  "id": "/subscriptions/subid/resourceGroups/default-azurebatch-japaneast/providers/Microsoft.Batch/batchAccounts/sampleacct/pools/testpool",
  "name": "testpool",
  "type": "Microsoft.Batch/batchAccounts/pools",
  "etag": "W/\"0x8D4EDFEBFADF4AB\"",
  "properties": {
    "lastModified": "2017-08-28T10:22:55.9407275Z",
    "creationTime": "2017-08-28T10:22:55.9407275Z",
    "provisioningState": "Succeeded",
    "provisioningStateTransitionTime": "2017-08-28T10:22:55.9407275Z",
    "allocationState": "Resizing",
    "allocationStateTransitionTime": "2017-08-28T10:22:55.9407275Z",
    "vmSize": "STANDARD_D4",
    "interNodeCommunication": "Disabled",
    "maxTasksPerNode": "1",
    "taskSchedulingPolicy": {
      "nodeFillType": "Spread"
    },
    "deploymentConfiguration": {
      "cloudServiceConfiguration": {
        "osFamily": "5",
        "targetOSVersion": "*"
      }
    },
    "scaleSettings": {
      "fixedScale": {
        "targetDedicatedNodes": "3",
        "targetLowPriorityNodes": "0",
        "resizeTimeout": "PT15M"
      }
    },
    "currentDedicatedNodes": "0",
    "currentLowPriorityNodes": "0",
    "resizeOperationStatus": {
      "startTime": "2017-08-28T10:22:55.9407275Z",
      "targetDedicatedNodes": "3",
      "nodeDeallocationOption": "Requeue",
      "resizeTimeout": "PT15M"
    }
  },
  "lastModified": "2017-08-28T10:22:55.9407275Z",
  "creationTime": "2017-08-28T10:22:55.9407275Z",
  "provisioningState": "Succeeded",
  "provisioningStateTransitionTime": "2017-08-28T10:22:55.9407275Z",
  "allocationState": "Resizing",
  "allocationStateTransitionTime": "2017-08-28T10:22:55.9407275Z",
  "vmSize": "STANDARD_D4",
  "interNodeCommunication": "Disabled",
  "maxTasksPerNode": "1",
  "taskSchedulingPolicy": {
    "nodeFillType": "Spread"
  },
  "deploymentConfiguration": {
    "cloudServiceConfiguration": {
      "osFamily": "5",
      "targetOSVersion": "*"
    }
  },
  "scaleSettings": {
    "fixedScale": {
      "targetDedicatedNodes": "3",
      "targetLowPriorityNodes": "0",
      "resizeTimeout": "PT15M"
    }
  },
  "currentDedicatedNodes": "0",
  "currentLowPriorityNodes": "0",
  "resizeOperationStatus": {
    "startTime": "2017-08-28T10:22:55.9407275Z",
    "targetDedicatedNodes": "3",
    "nodeDeallocationOption": "Requeue",
    "resizeTimeout": "PT15M"
  }
}
Getting example for: update
Found example for: update
Found response for: update
Found properties
Sample after properties copied ---
{
  "id": "/subscriptions/subid/resourceGroups/default-azurebatch-japaneast/providers/Microsoft.Batch/batchAccounts/sampleacct/pools/testpool",
  "name": "testpool",
  "type": "Microsoft.Batch/batchAccounts/pools",
  "etag": "W/\"0x8D4EDFEBFADF4AB\"",
  "properties": {
    "lastModified": "2017-08-29T10:22:55.9407275Z",
    "creationTime": "2017-08-28T10:22:55.9407275Z",
    "provisioningState": "Succeeded",
    "provisioningStateTransitionTime": "2017-08-28T10:22:55.9407275Z",
    "allocationState": "Resizing",
    "allocationStateTransitionTime": "2017-08-29T10:22:55.9407275Z",
    "vmSize": "STANDARD_D4",
    "interNodeCommunication": "Disabled",
    "maxTasksPerNode": "1",
    "taskSchedulingPolicy": {
      "nodeFillType": "Spread"
    },
    "deploymentConfiguration": {
      "cloudServiceConfiguration": {
        "osFamily": "5",
        "targetOSVersion": "*"
      }
    },
    "scaleSettings": {
      "fixedScale": {
        "targetDedicatedNodes": "1",
        "targetLowPriorityNodes": "0",
        "resizeTimeout": "PT8M",
        "nodeDeallocationOption": "TaskCompletion"
      }
    },
    "autoScaleRun": {
      "evaluationTime": "2017-08-29T10:22:55.9407275Z",
      "results": "$TargetDedicatedNodes=34;NodeDeallocationOption=requeue"
    },
    "currentDedicatedNodes": "12",
    "currentLowPriorityNodes": "0",
    "resizeOperationStatus": {
      "startTime": "2017-08-29T10:22:55.9407275Z",
      "targetDedicatedNodes": "8",
      "nodeDeallocationOption": "TaskCompletion",
      "resizeTimeout": "PT8M"
    }
  },
  "lastModified": "2017-08-29T10:22:55.9407275Z",
  "creationTime": "2017-08-28T10:22:55.9407275Z",
  "provisioningState": "Succeeded",
  "provisioningStateTransitionTime": "2017-08-28T10:22:55.9407275Z",
  "allocationState": "Resizing",
  "allocationStateTransitionTime": "2017-08-29T10:22:55.9407275Z",
  "vmSize": "STANDARD_D4",
  "interNodeCommunication": "Disabled",
  "maxTasksPerNode": "1",
  "taskSchedulingPolicy": {
    "nodeFillType": "Spread"
  },
  "deploymentConfiguration": {
    "cloudServiceConfiguration": {
      "osFamily": "5",
      "targetOSVersion": "*"
    }
  },
  "scaleSettings": {
    "fixedScale": {
      "targetDedicatedNodes": "1",
      "targetLowPriorityNodes": "0",
      "resizeTimeout": "PT8M",
      "nodeDeallocationOption": "TaskCompletion"
    }
  },
  "autoScaleRun": {
    "evaluationTime": "2017-08-29T10:22:55.9407275Z",
    "results": "$TargetDedicatedNodes=34;NodeDeallocationOption=requeue"
  },
  "currentDedicatedNodes": "12",
  "currentLowPriorityNodes": "0",
  "resizeOperationStatus": {
    "startTime": "2017-08-29T10:22:55.9407275Z",
    "targetDedicatedNodes": "8",
    "nodeDeallocationOption": "TaskCompletion",
    "resizeTimeout": "PT8M"
  }
}
  ** CREATING FACT MODULE
Getting example for: get
Found example for: get
Found response for: get
Found properties
Sample after properties copied ---
{
  "id": "/subscriptions/subid/resourceGroups/default-azurebatch-japaneast/providers/Microsoft.Batch/batchAccounts/sampleacct/pools/testpool",
  "name": "testpool",
  "type": "Microsoft.Batch/batchAccounts/pools",
  "etag": "W/\"0x8D4EDFEBFADF4AB\"",
  "properties": {
    "lastModified": "2017-08-28T10:22:55.9407275Z",
    "creationTime": "2017-08-28T10:22:55.9407275Z",
    "provisioningState": "Succeeded",
    "provisioningStateTransitionTime": "2017-08-28T10:22:55.9407275Z",
    "allocationState": "Resizing",
    "allocationStateTransitionTime": "2017-08-28T10:22:55.9407275Z",
    "vmSize": "STANDARD_D4",
    "interNodeCommunication": "Enabled",
    "maxTasksPerNode": "13",
    "taskSchedulingPolicy": {
      "nodeFillType": "Pack"
    },
    "deploymentConfiguration": {
      "cloudServiceConfiguration": {
        "osFamily": "4",
        "targetOSVersion": "WA-GUEST-OS-4.45_201708-01"
      }
    },
    "scaleSettings": {
      "fixedScale": {
        "targetDedicatedNodes": "6",
        "targetLowPriorityNodes": "28",
        "resizeTimeout": "PT8M"
      }
    },
    "networkConfiguration": {
      "subnetId": "/subscriptions/subid/resourceGroups/rg1234/providers/Microsoft.Network/virtualNetworks/network1234/subnets/subnet123",
      "endpointConfiguration": {
        "inboundNatPools": [
          {
            "name": "testnat",
            "protocol": "TCP",
            "backendPort": "12001",
            "frontendPortRangeStart": "15000",
            "frontendPortRangeEnd": "15100",
            "networkSecurityGroupRules": [
              {
                "access": "Allow",
                "sourceAddressPrefix": "192.100.12.45",
                "priority": "150"
              },
              {
                "access": "Deny",
                "sourceAddressPrefix": "*",
                "priority": "3500"
              }
            ]
          }
        ]
      }
    },
    "metadata": [
      {
        "name": "metadata-1",
        "value": "value-1"
      },
      {
        "name": "metadata-2",
        "value": "value-2"
      }
    ],
    "startTask": {
      "commandLine": "cmd /c SET",
      "resourceFiles": [
        {
          "blobSource": "https://testaccount.blob.core.windows.net/example-blob-file",
          "filePath": "c:\\temp\\gohere",
          "fileMode": "777"
        }
      ],
      "environmentSettings": [
        {
          "name": "MYSET",
          "value": "1234"
        }
      ],
      "userIdentity": {
        "autoUser": {
          "scope": "Pool",
          "elevationLevel": "Admin"
        }
      },
      "maxTaskRetryCount": "6",
      "waitForSuccess": true
    },
    "userAccounts": [
      {
        "name": "username1",
        "elevationLevel": "Admin",
        "linuxUserConfiguration": {
          "uid": "1234",
          "gid": "4567"
        }
      }
    ],
    "applicationPackages": [
      {
        "id": "/subscriptions/subid/resourceGroups/default-azurebatch-japaneast/providers/Microsoft.Batch/batchAccounts/sampleacct/pools/testpool/applications/app_1234",
        "version": "asdf"
      }
    ],
    "certificates": [
      {
        "id": "/subscriptions/subid/resourceGroups/default-azurebatch-japaneast/providers/Microsoft.Batch/batchAccounts/sampleacct/pools/testpool/certificates/SHA1-1234567",
        "storeLocation": "LocalMachine",
        "storeName": "MY",
        "visibility": [
          "RemoteUser"
        ]
      }
    ],
    "applicationLicenses": [
      "app-license0",
      "app-license1"
    ],
    "currentDedicatedNodes": "0",
    "currentLowPriorityNodes": "0",
    "resizeOperationStatus": {
      "startTime": "2017-08-28T10:22:55.9407275Z",
      "targetDedicatedNodes": "6",
      "targetLowPriorityNodes": "28",
      "nodeDeallocationOption": "TaskCompletion",
      "resizeTimeout": "PT8M"
    }
  },
  "lastModified": "2017-08-28T10:22:55.9407275Z",
  "creationTime": "2017-08-28T10:22:55.9407275Z",
  "provisioningState": "Succeeded",
  "provisioningStateTransitionTime": "2017-08-28T10:22:55.9407275Z",
  "allocationState": "Resizing",
  "allocationStateTransitionTime": "2017-08-28T10:22:55.9407275Z",
  "vmSize": "STANDARD_D4",
  "interNodeCommunication": "Enabled",
  "maxTasksPerNode": "13",
  "taskSchedulingPolicy": {
    "nodeFillType": "Pack"
  },
  "deploymentConfiguration": {
    "cloudServiceConfiguration": {
      "osFamily": "4",
      "targetOSVersion": "WA-GUEST-OS-4.45_201708-01"
    }
  },
  "scaleSettings": {
    "fixedScale": {
      "targetDedicatedNodes": "6",
      "targetLowPriorityNodes": "28",
      "resizeTimeout": "PT8M"
    }
  },
  "networkConfiguration": {
    "subnetId": "/subscriptions/subid/resourceGroups/rg1234/providers/Microsoft.Network/virtualNetworks/network1234/subnets/subnet123",
    "endpointConfiguration": {
      "inboundNatPools": [
        {
          "name": "testnat",
          "protocol": "TCP",
          "backendPort": "12001",
          "frontendPortRangeStart": "15000",
          "frontendPortRangeEnd": "15100",
          "networkSecurityGroupRules": [
            {
              "access": "Allow",
              "sourceAddressPrefix": "192.100.12.45",
              "priority": "150"
            },
            {
              "access": "Deny",
              "sourceAddressPrefix": "*",
              "priority": "3500"
            }
          ]
        }
      ]
    }
  },
  "metadata": [
    {
      "name": "metadata-1",
      "value": "value-1"
    },
    {
      "name": "metadata-2",
      "value": "value-2"
    }
  ],
  "startTask": {
    "commandLine": "cmd /c SET",
    "resourceFiles": [
      {
        "blobSource": "https://testaccount.blob.core.windows.net/example-blob-file",
        "filePath": "c:\\temp\\gohere",
        "fileMode": "777"
      }
    ],
    "environmentSettings": [
      {
        "name": "MYSET",
        "value": "1234"
      }
    ],
    "userIdentity": {
      "autoUser": {
        "scope": "Pool",
        "elevationLevel": "Admin"
      }
    },
    "maxTaskRetryCount": "6",
    "waitForSuccess": true
  },
  "userAccounts": [
    {
      "name": "username1",
      "elevationLevel": "Admin",
      "linuxUserConfiguration": {
        "uid": "1234",
        "gid": "4567"
      }
    }
  ],
  "applicationPackages": [
    {
      "id": "/subscriptions/subid/resourceGroups/default-azurebatch-japaneast/providers/Microsoft.Batch/batchAccounts/sampleacct/pools/testpool/applications/app_1234",
      "version": "asdf"
    }
  ],
  "certificates": [
    {
      "id": "/subscriptions/subid/resourceGroups/default-azurebatch-japaneast/providers/Microsoft.Batch/batchAccounts/sampleacct/pools/testpool/certificates/SHA1-1234567",
      "storeLocation": "LocalMachine",
      "storeName": "MY",
      "visibility": [
        "RemoteUser"
      ]
    }
  ],
  "applicationLicenses": [
    "app-license0",
    "app-license1"
  ],
  "currentDedicatedNodes": "0",
  "currentLowPriorityNodes": "0",
  "resizeOperationStatus": {
    "startTime": "2017-08-28T10:22:55.9407275Z",
    "targetDedicatedNodes": "6",
    "targetLowPriorityNodes": "28",
    "nodeDeallocationOption": "TaskCompletion",
    "resizeTimeout": "PT8M"
  }
}
  resource name fields: pool_name pool_name name
TWEAK: RENAMING resource_group_name -- A
CC: BatchService batch_service BatchService
CC: UserSubscription user_subscription UserSubscription
CC: Pfx pfx Pfx
CC: Cer cer Cer
CC: Enabled enabled Enabled
CC: Disabled disabled Disabled
