------------------------------- Server
  create_or_update
  update
  delete
  get
  list_by_resource_group
  list
  ** CREATING MAIN MODULE
Getting example for: get
Found example for: get
Found response for: get
Found properties
Sample after properties copied ---
{
  "id": "/subscriptions/ffffffff-ffff-ffff-ffff-ffffffffffff/resourceGroups/TestGroup/providers/Microsoft.DBforMySQL/servers/testserver",
  "name": "testserver",
  "type": "Microsoft.DBforMySQL/servers",
  "location": "onebox",
  "sku": {
    "name": "MYSQLS3M100",
    "tier": "Basic",
    "capacity": "100"
  },
  "tags": {
    "elasticServer": "1"
  },
  "properties": {
    "administratorLogin": "cloudsa",
    "storageMB": "1024",
    "sslEnforcement": "Enabled",
    "userVisibleState": "Ready",
    "fullyQualifiedDomainName": "testserver.test-vm1.onebox.xdb.mscds.com"
  },
  "administratorLogin": "cloudsa",
  "storageMB": "1024",
  "sslEnforcement": "Enabled",
  "userVisibleState": "Ready",
  "fullyQualifiedDomainName": "testserver.test-vm1.onebox.xdb.mscds.com"
}
Getting example for: create_or_update
Found example for: create_or_update
Found response for: create_or_update
Found properties
Sample after properties copied ---
{
  "id": "/subscriptions/ffffffff-ffff-ffff-ffff-ffffffffffff/resourceGroups/TestGroup/providers/Microsoft.DBforMySQL/servers/testserver",
  "name": "testserver",
  "type": "Microsoft.DBforMySQL/servers",
  "location": "onebox",
  "sku": {
    "name": "MYSQLS3M100",
    "tier": "Basic",
    "capacity": "100"
  },
  "tags": {
    "elasticServer": "1"
  },
  "properties": {
    "administratorLogin": "cloudsa",
    "storageMB": "1024",
    "sslEnforcement": "Enabled",
    "userVisibleState": "Ready",
    "fullyQualifiedDomainName": "testserver.test-vm1.onebox.xdb.mscds.com"
  },
  "administratorLogin": "cloudsa",
  "storageMB": "1024",
  "sslEnforcement": "Enabled",
  "userVisibleState": "Ready",
  "fullyQualifiedDomainName": "testserver.test-vm1.onebox.xdb.mscds.com"
}
Getting example for: update
Found example for: update
Found response for: update
Found properties
Sample after properties copied ---
{
  "id": "/subscriptions/ffffffff-ffff-ffff-ffff-ffffffffffff/resourceGroups/TestGroup/providers/Microsoft.DBforMySQL/servers/testserver",
  "name": "testserver",
  "type": "Microsoft.DBforMySQL/servers",
  "location": "onebox",
  "sku": {
    "name": "MYSQLS3M100",
    "tier": "Basic",
    "capacity": "100"
  },
  "tags": {
    "elasticServer": "1"
  },
  "properties": {
    "administratorLogin": "cloudsa",
    "storageMB": "1024",
    "sslEnforcement": "Disabled",
    "userVisibleState": "Ready",
    "fullyQualifiedDomainName": "testserver.test-vm1.onebox.xdb.mscds.com"
  },
  "administratorLogin": "cloudsa",
  "storageMB": "1024",
  "sslEnforcement": "Disabled",
  "userVisibleState": "Ready",
  "fullyQualifiedDomainName": "testserver.test-vm1.onebox.xdb.mscds.com"
}
  ** CREATING FACT MODULE
Getting example for: get
Found example for: get
Found response for: get
Found properties
Sample after properties copied ---
{
  "id": "/subscriptions/ffffffff-ffff-ffff-ffff-ffffffffffff/resourceGroups/TestGroup/providers/Microsoft.DBforMySQL/servers/testserver",
  "name": "testserver",
  "type": "Microsoft.DBforMySQL/servers",
  "location": "onebox",
  "sku": {
    "name": "MYSQLS3M100",
    "tier": "Basic",
    "capacity": "100"
  },
  "tags": {
    "elasticServer": "1"
  },
  "properties": {
    "administratorLogin": "cloudsa",
    "storageMB": "1024",
    "sslEnforcement": "Enabled",
    "userVisibleState": "Ready",
    "fullyQualifiedDomainName": "testserver.test-vm1.onebox.xdb.mscds.com"
  },
  "administratorLogin": "cloudsa",
  "storageMB": "1024",
  "sslEnforcement": "Enabled",
  "userVisibleState": "Ready",
  "fullyQualifiedDomainName": "testserver.test-vm1.onebox.xdb.mscds.com"
}
  resource name fields: server_name server_name name
------------------------------- Server
  create_or_update
  delete
  get
  list_by_server
  ** CREATING MAIN MODULE
Getting example for: get
Found example for: get
Found response for: get
Found properties
Sample after properties copied ---
{
  "id": "/subscriptions/ffffffff-ffff-ffff-ffff-ffffffffffff/resourceGroups/TestGroup/providers/Microsoft.DBforMySQL/servers/testserver/firewallRules/rule1",
  "name": "rule1",
  "type": "Microsoft.DBforMySQL/servers/firewallRules",
  "properties": {
    "startIpAddress": "0.0.0.0",
    "endIpAddress": "255.255.255.255"
  },
  "startIpAddress": "0.0.0.0",
  "endIpAddress": "255.255.255.255"
}
Getting example for: create_or_update
Found example for: create_or_update
Found response for: create_or_update
Found properties
Sample after properties copied ---
{
  "id": "/subscriptions/ffffffff-ffff-ffff-ffff-ffffffffffff/resourceGroups/TestGroup/providers/Microsoft.DBforMySQL/servers/testserver/firewallRules/rule1",
  "name": "rule1",
  "type": "Microsoft.DBforMySQL/servers/firewallRules",
  "properties": {
    "startIpAddress": "0.0.0.0",
    "endIpAddress": "255.255.255.255"
  },
  "startIpAddress": "0.0.0.0",
  "endIpAddress": "255.255.255.255"
}
  ** CREATING FACT MODULE
Getting example for: get
Found example for: get
Found response for: get
Found properties
Sample after properties copied ---
{
  "id": "/subscriptions/ffffffff-ffff-ffff-ffff-ffffffffffff/resourceGroups/TestGroup/providers/Microsoft.DBforMySQL/servers/testserver/firewallRules/rule1",
  "name": "rule1",
  "type": "Microsoft.DBforMySQL/servers/firewallRules",
  "properties": {
    "startIpAddress": "0.0.0.0",
    "endIpAddress": "255.255.255.255"
  },
  "startIpAddress": "0.0.0.0",
  "endIpAddress": "255.255.255.255"
}
  resource name fields: firewall_rule_name firewall_rule_name name
------------------------------- Firewall Rule
  get
  create_or_update
  delete
  list_by_server
  ** CREATING MAIN MODULE
Getting example for: get
Found example for: get
Found response for: get
Found properties
Sample after properties copied ---
{
  "id": "/subscriptions/ffffffff-ffff-ffff-ffff-ffffffffffff/resourceGroups/TestGroup/providers/Microsoft.DBforMySQL/servers/vnet-test-svr/virtualNetworkRules/vnet-firewall-rule",
  "name": "vnet-firewall-rule",
  "type": "Microsoft.DBforMySQL/servers/virtualNetworkRules",
  "properties": {
    "ignoreMissingVnetServiceEndpoint": false,
    "state": "Ready",
    "virtualNetworkSubnetId": "/subscriptions/ffffffff-ffff-ffff-ffff-ffffffffffff/resourceGroups/TestGroup/providers/Microsoft.Network/virtualNetworks/testvnet/subnets/testsubnet"
  },
  "ignoreMissingVnetServiceEndpoint": false,
  "state": "Ready",
  "virtualNetworkSubnetId": "/subscriptions/ffffffff-ffff-ffff-ffff-ffffffffffff/resourceGroups/TestGroup/providers/Microsoft.Network/virtualNetworks/testvnet/subnets/testsubnet"
}
Getting example for: create_or_update
Found example for: create_or_update
Found response for: create_or_update
Found properties
Sample after properties copied ---
{
  "id": "/subscriptions/ffffffff-ffff-ffff-ffff-ffffffffffff/resourceGroups/TestGroup/providers/Microsoft.DBforMySQL/servers/vnet-test-svr/virtualNetworkRules/vnet-firewall-rule",
  "name": "vnet-firewall-rule",
  "type": "Microsoft.DBforMySQL/servers/virtualNetworkRules",
  "properties": {
    "ignoreMissingVnetServiceEndpoint": false,
    "virtualNetworkSubnetId": "/subscriptions/ffffffff-ffff-ffff-ffff-ffffffffffff/resourceGroups/TestGroup/providers/Microsoft.Network/virtualNetworks/testvnet/subnets/testsubnet"
  },
  "ignoreMissingVnetServiceEndpoint": false,
  "virtualNetworkSubnetId": "/subscriptions/ffffffff-ffff-ffff-ffff-ffffffffffff/resourceGroups/TestGroup/providers/Microsoft.Network/virtualNetworks/testvnet/subnets/testsubnet"
}
  ** CREATING FACT MODULE
Getting example for: get
Found example for: get
Found response for: get
Found properties
Sample after properties copied ---
{
  "id": "/subscriptions/ffffffff-ffff-ffff-ffff-ffffffffffff/resourceGroups/TestGroup/providers/Microsoft.DBforMySQL/servers/vnet-test-svr/virtualNetworkRules/vnet-firewall-rule",
  "name": "vnet-firewall-rule",
  "type": "Microsoft.DBforMySQL/servers/virtualNetworkRules",
  "properties": {
    "ignoreMissingVnetServiceEndpoint": false,
    "state": "Ready",
    "virtualNetworkSubnetId": "/subscriptions/ffffffff-ffff-ffff-ffff-ffffffffffff/resourceGroups/TestGroup/providers/Microsoft.Network/virtualNetworks/testvnet/subnets/testsubnet"
  },
  "ignoreMissingVnetServiceEndpoint": false,
  "state": "Ready",
  "virtualNetworkSubnetId": "/subscriptions/ffffffff-ffff-ffff-ffff-ffffffffffff/resourceGroups/TestGroup/providers/Microsoft.Network/virtualNetworks/testvnet/subnets/testsubnet"
}
  resource name fields: virtual_network_rule_name virtual_network_rule_name name
------------------------------- Virtual Network Rule
  create_or_update
  delete
  get
  list_by_server
  ** CREATING MAIN MODULE
Getting example for: get
Found example for: get
Found response for: get
Found properties
Sample after properties copied ---
{
  "id": "/subscriptions/ffffffff-ffff-ffff-ffff-ffffffffffff/resourceGroups/TestGroup/providers/Microsoft.DBforMySQL/servers/testserver/databases/db1",
  "name": "db1",
  "type": "Microsoft.DBforMySQL/servers/databases",
  "properties": {
    "charset": "utf8",
    "collation": "utf8_general_ci"
  },
  "charset": "utf8",
  "collation": "utf8_general_ci"
}
Getting example for: create_or_update
Found example for: create_or_update
Found response for: create_or_update
Found properties
Sample after properties copied ---
{
  "id": "/subscriptions/ffffffff-ffff-ffff-ffff-ffffffffffff/resourceGroups/TestGroup/providers/Microsoft.DBforMySQL/servers/testserver/databases/db1",
  "name": "db1",
  "type": "Microsoft.DBforMySQL/servers/databases",
  "properties": {
    "charset": "utf8",
    "collation": "utf8_general_ci"
  },
  "charset": "utf8",
  "collation": "utf8_general_ci"
}
  ** CREATING FACT MODULE
Getting example for: get
Found example for: get
Found response for: get
Found properties
Sample after properties copied ---
{
  "id": "/subscriptions/ffffffff-ffff-ffff-ffff-ffffffffffff/resourceGroups/TestGroup/providers/Microsoft.DBforMySQL/servers/testserver/databases/db1",
  "name": "db1",
  "type": "Microsoft.DBforMySQL/servers/databases",
  "properties": {
    "charset": "utf8",
    "collation": "utf8_general_ci"
  },
  "charset": "utf8",
  "collation": "utf8_general_ci"
}
  resource name fields: database_name database_name name
------------------------------- Database
  create_or_update
  get
  list_by_server
  ** CREATING MAIN MODULE
Getting example for: get
Found example for: get
Found response for: get
Found properties
Sample after properties copied ---
{
  "properties": {
    "value": "OFF",
    "description": "Indicates the status of the Event Scheduler.",
    "defaultValue": "OFF",
    "dataType": "Enumeration",
    "allowedValues": "ON,OFF,DISABLED",
    "source": "system-default"
  },
  "id": "/subscriptions/ffffffff-ffff-ffff-ffff-ffffffffffff/resourceGroups/TestGroup/providers/Microsoft.DBforMySQL/servers/testserver/configurations/event_scheduler",
  "name": "event_scheduler",
  "type": "Microsoft.DBforMySQL/servers/configurations",
  "value": "OFF",
  "description": "Indicates the status of the Event Scheduler.",
  "defaultValue": "OFF",
  "dataType": "Enumeration",
  "allowedValues": "ON,OFF,DISABLED",
  "source": "system-default"
}
Getting example for: create_or_update
Found example for: create_or_update
Found response for: create_or_update
Found properties
Sample after properties copied ---
{
  "properties": {
    "value": "ON",
    "description": "Indicates the status of the Event Scheduler.",
    "defaultValue": "OFF",
    "dataType": "Enumeration",
    "allowedValues": "ON,OFF,DISABLED",
    "source": "user-override"
  },
  "id": "/subscriptions/ffffffff-ffff-ffff-ffff-ffffffffffff/resourceGroups/TestGroup/providers/Microsoft.DBforMySQL/servers/testserver/configurations/event_scheduler",
  "name": "event_scheduler",
  "type": "Microsoft.DBforMySQL/servers/configurations",
  "value": "ON",
  "description": "Indicates the status of the Event Scheduler.",
  "defaultValue": "OFF",
  "dataType": "Enumeration",
  "allowedValues": "ON,OFF,DISABLED",
  "source": "user-override"
}
  ** CREATING FACT MODULE
Getting example for: get
Found example for: get
Found response for: get
Found properties
Sample after properties copied ---
{
  "properties": {
    "value": "OFF",
    "description": "Indicates the status of the Event Scheduler.",
    "defaultValue": "OFF",
    "dataType": "Enumeration",
    "allowedValues": "ON,OFF,DISABLED",
    "source": "system-default"
  },
  "id": "/subscriptions/ffffffff-ffff-ffff-ffff-ffffffffffff/resourceGroups/TestGroup/providers/Microsoft.DBforMySQL/servers/testserver/configurations/event_scheduler",
  "name": "event_scheduler",
  "type": "Microsoft.DBforMySQL/servers/configurations",
  "value": "OFF",
  "description": "Indicates the status of the Event Scheduler.",
  "defaultValue": "OFF",
  "dataType": "Enumeration",
  "allowedValues": "ON,OFF,DISABLED",
  "source": "system-default"
}
  resource name fields: configuration_name configuration_name name
------------------------------- Configuration
  list_by_server
  ** CREATING FACT MODULE
  resource name fields: log_file_name server_name server_name
------------------------------- Log File
  list
  ** CREATING FACT MODULE
  resource name fields: performance_tier_name
------------------------------- Performance Tier
  list
  ** CREATING FACT MODULE
  resource name fields: location_based_performance_tier_name location_name location_name
------------------------------- Location Based Performance Tier
  execute
------------------------------- Check Name Availability
  list
  ** CREATING FACT MODULE
  resource name fields: operation_name
TWEAK: RENAMING resource_group_name --
TWEAK: RENAMING server_name -- A
TWEAK: RENAMING properties.administrator_login -- A
TWEAK: RENAMING properties.administrator_login_password -- A
TWEAK: RENAMING properties.ssl_enforcement -- A
TWEAK: FLATTENING properties -- ABCDE
TWEAK: RENAMING database_name -- A
TWEAK: RENAMING firewall_rule_name -- A
TWEAK: RENAMING configuration_name -- A
TWEAK: RENAMING virtual_network_rule_name -- A
