Getting example for: create_or_update
Found example for: create_or_update
Found response for: create_or_update
Found properties
Sample after properties copied ---
{
  "properties": {
    "provisioningState": "Creating",
    "containers": [
      {
        "name": "mycontainers",
        "properties": {
          "image": "nginx",
          "command": [],
          "ports": [
            {
              "port": "80"
            }
          ],
          "environmentVariables": [],
          "resources": {
            "requests": {
              "memoryInGB": "1.5",
              "cpu": "1"
            }
          },
          "volumeMounts": [
            {
              "name": "volume1",
              "mountPath": "/mnt/volume1",
              "readOnly": false
            },
            {
              "name": "volume2",
              "mountPath": "/mnt/volume2",
              "readOnly": false
            }
          ]
        }
      }
    ],
    "imageRegistryCredentials": [],
    "ipAddress": {
      "ports": [
        {
          "protocol": "TCP",
          "port": "80"
        }
      ],
      "ip": "13.64.70.13",
      "type": "Public"
    },
    "osType": "Linux",
    "instanceView": {
      "events": [],
      "state": "Pending"
    },
    "volumes": [
      {
        "name": "volume1",
        "azureFile": {
          "shareName": "shareName",
          "storageAccountName": "accountName",
          "storageAccountKey": ""
        }
      },
      {
        "name": "volume2",
        "emptyDir": {}
      }
    ]
  },
  "id": "/subscriptions/ae43b1e3-c35d-4c8c-bc0d-f148b4c52b78/resourceGroups/demo/providers/Microsoft.ContainerInstance/containerGroups/mycontainers",
  "name": "mycontainers",
  "type": "Microsoft.ContainerInstance/containerGroups",
  "location": "westus",
  "provisioningState": "Creating",
  "containers": [
    {
      "name": "mycontainers",
      "properties": {
        "image": "nginx",
        "command": [],
        "ports": [
          {
            "port": "80"
          }
        ],
        "environmentVariables": [],
        "resources": {
          "requests": {
            "memoryInGB": "1.5",
            "cpu": "1"
          }
        },
        "volumeMounts": [
          {
            "name": "volume1",
            "mountPath": "/mnt/volume1",
            "readOnly": false
          },
          {
            "name": "volume2",
            "mountPath": "/mnt/volume2",
            "readOnly": false
          }
        ]
      }
    }
  ],
  "imageRegistryCredentials": [],
  "ipAddress": {
    "ports": [
      {
        "protocol": "TCP",
        "port": "80"
      }
    ],
    "ip": "13.64.70.13",
    "type": "Public"
  },
  "osType": "Linux",
  "instanceView": {
    "events": [],
    "state": "Pending"
  },
  "volumes": [
    {
      "name": "volume1",
      "azureFile": {
        "shareName": "shareName",
        "storageAccountName": "accountName",
        "storageAccountKey": ""
      }
    },
    {
      "name": "volume2",
      "emptyDir": {}
    }
  ]
}
