Getting example for: get
Found example for: get
Found response for: get
Found properties
Sample after properties copied ---
{
  "id": "/subscriptions/ffffffff-ffff-ffff-ffff-ffffffffffff/resourceGroups/TestGroup/providers/Microsoft.DBforPostgreSQL/servers/testserver",
  "name": "testserver",
  "type": "Microsoft.DBforPostgreSQL/servers",
  "location": "onebox",
  "sku": {
    "name": "PGSQLB100",
    "tier": "Basic",
    "capacity": "100"
  },
  "tags": {
    "elasticServer": "1"
  },
  "properties": {
    "administratorLogin": "cloudsa",
    "storageMB": "1024",
    "sslEnforcement": "Enabled",
    "userVisibleState": "Ready",
    "fullyQualifiedDomainName": "testserver.test-vm1.onebox.xdb.mscds.com"
  },
  "administratorLogin": "cloudsa",
  "storageMB": "1024",
  "sslEnforcement": "Enabled",
  "userVisibleState": "Ready",
  "fullyQualifiedDomainName": "testserver.test-vm1.onebox.xdb.mscds.com"
}
Getting example for: create
Found example for: create
Found response for: create
Found properties
Sample after properties copied ---
{
  "id": "/subscriptions/ffffffff-ffff-ffff-ffff-ffffffffffff/resourceGroups/TestGroup/providers/Microsoft.DBforPostgreSQL/servers/testserver",
  "name": "testserver",
  "type": "Microsoft.DBforPostgreSQL/servers",
  "location": "onebox",
  "sku": {
    "name": "PGSQLB100",
    "tier": "Basic",
    "capacity": "100"
  },
  "tags": {
    "elasticServer": "1"
  },
  "properties": {
    "administratorLogin": "cloudsa",
    "storageMB": "1024",
    "sslEnforcement": "Enabled",
    "userVisibleState": "Ready",
    "fullyQualifiedDomainName": "testserver.test-vm1.onebox.xdb.mscds.com"
  },
  "administratorLogin": "cloudsa",
  "storageMB": "1024",
  "sslEnforcement": "Enabled",
  "userVisibleState": "Ready",
  "fullyQualifiedDomainName": "testserver.test-vm1.onebox.xdb.mscds.com"
}
Getting example for: update
Found example for: update
Found response for: update
Found properties
Sample after properties copied ---
{
  "id": "/subscriptions/ffffffff-ffff-ffff-ffff-ffffffffffff/resourceGroups/TestGroup/providers/Microsoft.DBforPostgreSQL/servers/testserver",
  "name": "testserver",
  "type": "Microsoft.DBforPostgreSQL/servers",
  "location": "onebox",
  "sku": {
    "name": "PGSQLB100",
    "tier": "Basic",
    "capacity": "100"
  },
  "tags": {
    "elasticServer": "1"
  },
  "properties": {
    "administratorLogin": "cloudsa",
    "storageMB": "1024",
    "sslEnforcement": "Disabled",
    "userVisibleState": "Ready",
    "fullyQualifiedDomainName": "testserver.test-vm1.onebox.xdb.mscds.com"
  },
  "administratorLogin": "cloudsa",
  "storageMB": "1024",
  "sslEnforcement": "Disabled",
  "userVisibleState": "Ready",
  "fullyQualifiedDomainName": "testserver.test-vm1.onebox.xdb.mscds.com"
}
Getting example for: get
Found example for: get
Found response for: get
Found properties
Sample after properties copied ---
{
  "id": "/subscriptions/ffffffff-ffff-ffff-ffff-ffffffffffff/resourceGroups/TestGroup/providers/Microsoft.DBforPostgreSQL/servers/testserver",
  "name": "testserver",
  "type": "Microsoft.DBforPostgreSQL/servers",
  "location": "onebox",
  "sku": {
    "name": "PGSQLB100",
    "tier": "Basic",
    "capacity": "100"
  },
  "tags": {
    "elasticServer": "1"
  },
  "properties": {
    "administratorLogin": "cloudsa",
    "storageMB": "1024",
    "sslEnforcement": "Enabled",
    "userVisibleState": "Ready",
    "fullyQualifiedDomainName": "testserver.test-vm1.onebox.xdb.mscds.com"
  },
  "administratorLogin": "cloudsa",
  "storageMB": "1024",
  "sslEnforcement": "Enabled",
  "userVisibleState": "Ready",
  "fullyQualifiedDomainName": "testserver.test-vm1.onebox.xdb.mscds.com"
}
Getting example for: get
Found example for: get
Found response for: get
Found properties
Sample after properties copied ---
{
  "id": "/subscriptions/ffffffff-ffff-ffff-ffff-ffffffffffff/resourceGroups/TestGroup/providers/Microsoft.DBforPostgreSQL/servers/testserver/firewallRules/rule1",
  "name": "rule1",
  "type": "Microsoft.DBforPostgreSQL/servers/firewallRules",
  "properties": {
    "startIpAddress": "0.0.0.0",
    "endIpAddress": "255.255.255.255"
  },
  "startIpAddress": "0.0.0.0",
  "endIpAddress": "255.255.255.255"
}
Getting example for: create_or_update
Found example for: create_or_update
Found response for: create_or_update
Found properties
Sample after properties copied ---
{
  "id": "/subscriptions/ffffffff-ffff-ffff-ffff-ffffffffffff/resourceGroups/TestGroup/providers/Microsoft.DBforPostgreSQL/servers/testserver/firewallRules/rule1",
  "name": "rule1",
  "type": "Microsoft.DBforPostgreSQL/servers/firewallRules",
  "properties": {
    "startIpAddress": "0.0.0.0",
    "endIpAddress": "255.255.255.255"
  },
  "startIpAddress": "0.0.0.0",
  "endIpAddress": "255.255.255.255"
}
Getting example for: get
Found example for: get
Found response for: get
Found properties
Sample after properties copied ---
{
  "id": "/subscriptions/ffffffff-ffff-ffff-ffff-ffffffffffff/resourceGroups/TestGroup/providers/Microsoft.DBforPostgreSQL/servers/testserver/firewallRules/rule1",
  "name": "rule1",
  "type": "Microsoft.DBforPostgreSQL/servers/firewallRules",
  "properties": {
    "startIpAddress": "0.0.0.0",
    "endIpAddress": "255.255.255.255"
  },
  "startIpAddress": "0.0.0.0",
  "endIpAddress": "255.255.255.255"
}
Getting example for: get
Found example for: get
Found response for: get
Found properties
Sample after properties copied ---
{
  "id": "/subscriptions/ffffffff-ffff-ffff-ffff-ffffffffffff/resourceGroups/TestGroup/providers/Microsoft.DBforPostgreSQL/servers/vnet-test-svr/virtualNetworkRules/vnet-firewall-rule",
  "name": "vnet-firewall-rule",
  "type": "Microsoft.DBforPostgreSQL/servers/virtualNetworkRules",
  "properties": {
    "ignoreMissingVnetServiceEndpoint": false,
    "state": "Ready",
    "virtualNetworkSubnetId": "/subscriptions/ffffffff-ffff-ffff-ffff-ffffffffffff/resourceGroups/TestGroup/providers/Microsoft.Network/virtualNetworks/testvnet/subnets/testsubnet"
  },
  "ignoreMissingVnetServiceEndpoint": false,
  "state": "Ready",
  "virtualNetworkSubnetId": "/subscriptions/ffffffff-ffff-ffff-ffff-ffffffffffff/resourceGroups/TestGroup/providers/Microsoft.Network/virtualNetworks/testvnet/subnets/testsubnet"
}
Getting example for: create_or_update
Found example for: create_or_update
Found response for: create_or_update
Found properties
Sample after properties copied ---
{
  "id": "/subscriptions/ffffffff-ffff-ffff-ffff-ffffffffffff/resourceGroups/TestGroup/providers/Microsoft.DBforPostgreSQL/servers/vnet-test-svr/virtualNetworkRules/vnet-firewall-rule",
  "name": "vnet-firewall-rule",
  "type": "Microsoft.DBforPostgreSQL/servers/virtualNetworkRules",
  "properties": {
    "ignoreMissingVnetServiceEndpoint": false,
    "virtualNetworkSubnetId": "/subscriptions/ffffffff-ffff-ffff-ffff-ffffffffffff/resourceGroups/TestGroup/providers/Microsoft.Network/virtualNetworks/testvnet/subnets/testsubnet"
  },
  "ignoreMissingVnetServiceEndpoint": false,
  "virtualNetworkSubnetId": "/subscriptions/ffffffff-ffff-ffff-ffff-ffffffffffff/resourceGroups/TestGroup/providers/Microsoft.Network/virtualNetworks/testvnet/subnets/testsubnet"
}
Getting example for: get
Found example for: get
Found response for: get
Found properties
Sample after properties copied ---
{
  "id": "/subscriptions/ffffffff-ffff-ffff-ffff-ffffffffffff/resourceGroups/TestGroup/providers/Microsoft.DBforPostgreSQL/servers/vnet-test-svr/virtualNetworkRules/vnet-firewall-rule",
  "name": "vnet-firewall-rule",
  "type": "Microsoft.DBforPostgreSQL/servers/virtualNetworkRules",
  "properties": {
    "ignoreMissingVnetServiceEndpoint": false,
    "state": "Ready",
    "virtualNetworkSubnetId": "/subscriptions/ffffffff-ffff-ffff-ffff-ffffffffffff/resourceGroups/TestGroup/providers/Microsoft.Network/virtualNetworks/testvnet/subnets/testsubnet"
  },
  "ignoreMissingVnetServiceEndpoint": false,
  "state": "Ready",
  "virtualNetworkSubnetId": "/subscriptions/ffffffff-ffff-ffff-ffff-ffffffffffff/resourceGroups/TestGroup/providers/Microsoft.Network/virtualNetworks/testvnet/subnets/testsubnet"
}
Getting example for: get
Found example for: get
Found response for: get
Found properties
Sample after properties copied ---
{
  "id": "/subscriptions/ffffffff-ffff-ffff-ffff-ffffffffffff/resourceGroups/TestGroup/providers/Microsoft.DBforPostgreSQL/servers/testserver/databases/db1",
  "name": "db1",
  "type": "Microsoft.DBforPostgreSQL/servers/databases",
  "properties": {
    "charset": "UTF8",
    "collation": "English_United States.1252"
  },
  "charset": "UTF8",
  "collation": "English_United States.1252"
}
Getting example for: create_or_update
Found example for: create_or_update
Found response for: create_or_update
Found properties
Sample after properties copied ---
{
  "id": "/subscriptions/ffffffff-ffff-ffff-ffff-ffffffffffff/resourceGroups/TestGroup/providers/Microsoft.DBforPostgreSQL/servers/testserver/databases/db1",
  "name": "db1",
  "type": "Microsoft.DBforPostgreSQL/servers/databases",
  "properties": {
    "charset": "UTF8",
    "collation": "English_United States.1252"
  },
  "charset": "UTF8",
  "collation": "English_United States.1252"
}
Getting example for: get
Found example for: get
Found response for: get
Found properties
Sample after properties copied ---
{
  "id": "/subscriptions/ffffffff-ffff-ffff-ffff-ffffffffffff/resourceGroups/TestGroup/providers/Microsoft.DBforPostgreSQL/servers/testserver/databases/db1",
  "name": "db1",
  "type": "Microsoft.DBforPostgreSQL/servers/databases",
  "properties": {
    "charset": "UTF8",
    "collation": "English_United States.1252"
  },
  "charset": "UTF8",
  "collation": "English_United States.1252"
}
Getting example for: get
Found example for: get
Found response for: get
Found properties
Sample after properties copied ---
{
  "properties": {
    "value": "on",
    "description": "Enable input of NULL elements in arrays.",
    "defaultValue": "on",
    "dataType": "Boolean",
    "allowedValues": "on,off",
    "source": "system-default"
  },
  "id": "/subscriptions/ffffffff-ffff-ffff-ffff-ffffffffffff/resourceGroups/TestGroup/providers/Microsoft.DBforPostgreSQL/servers/testserver/configurations/array_nulls",
  "name": "array_nulls",
  "type": "Microsoft.DBforPostgreSQL/servers/configurations",
  "value": "on",
  "description": "Enable input of NULL elements in arrays.",
  "defaultValue": "on",
  "dataType": "Boolean",
  "allowedValues": "on,off",
  "source": "system-default"
}
Getting example for: create_or_update
Found example for: create_or_update
Found response for: create_or_update
Found properties
Sample after properties copied ---
{
  "properties": {
    "value": "off",
    "description": "Enable input of NULL elements in arrays.",
    "defaultValue": "on",
    "dataType": "Boolean",
    "allowedValues": "on,off",
    "source": "user-override"
  },
  "id": "/subscriptions/ffffffff-ffff-ffff-ffff-ffffffffffff/resourceGroups/TestGroup/providers/Microsoft.DBforPostgreSQL/servers/testserver/configurations/array_nulls",
  "name": "array_nulls",
  "type": "Microsoft.DBforPostgreSQL/servers/configurations",
  "value": "off",
  "description": "Enable input of NULL elements in arrays.",
  "defaultValue": "on",
  "dataType": "Boolean",
  "allowedValues": "on,off",
  "source": "user-override"
}
Getting example for: get
Found example for: get
Found response for: get
Found properties
Sample after properties copied ---
{
  "properties": {
    "value": "on",
    "description": "Enable input of NULL elements in arrays.",
    "defaultValue": "on",
    "dataType": "Boolean",
    "allowedValues": "on,off",
    "source": "system-default"
  },
  "id": "/subscriptions/ffffffff-ffff-ffff-ffff-ffffffffffff/resourceGroups/TestGroup/providers/Microsoft.DBforPostgreSQL/servers/testserver/configurations/array_nulls",
  "name": "array_nulls",
  "type": "Microsoft.DBforPostgreSQL/servers/configurations",
  "value": "on",
  "description": "Enable input of NULL elements in arrays.",
  "defaultValue": "on",
  "dataType": "Boolean",
  "allowedValues": "on,off",
  "source": "system-default"
}
